11:03:32.394 [main] INFO  f.p.console.PizzeriaAdminConsoleApp -
				ma première info
11:04:53.308 [main] INFO  f.p.console.PizzeriaAdminConsoleApp -
				ma première info
11:05:41.872 [main] INFO  f.p.console.PizzeriaAdminConsoleApp -
				ma première info
11:05:46.525 [main] INFO  f.p.console.PizzeriaAdminConsoleApp -
				ma première info
11:05:49.604 [main] ERROR f.p.console.PizzeriaAdminConsoleApp -
				mes erreurs
11:13:03.917 [main] INFO  f.p.console.PizzeriaAdminConsoleApp -
				ma première info
11:35:05.186 [main] INFO  f.p.console.PizzeriaAdminConsoleApp -
				ma première info
11:35:09.856 [main] ERROR f.p.console.PizzeriaAdminConsoleApp -
				mes erreurs
fr.pizzeria.exception.DataAccessException: Problème lors de la communication avec la base de données
	at Dao.TestJDBC.findAllPizzas(TestJDBC.java:46)
	at menuService.ListerPizzasService.executeUC(ListerPizzasService.java:17)
	at fr.pizzeria.console.PizzeriaAdminConsoleApp.main(PizzeriaAdminConsoleApp.java:49)
Caused by: com.mysql.jdbc.exceptions.jdbc4.MySQLNonTransientConnectionException: Data source rejected establishment of connection,  message from server: "Too many connections"
	at sun.reflect.NativeConstructorAccessorImpl.newInstance0(Native Method)
	at sun.reflect.NativeConstructorAccessorImpl.newInstance(Unknown Source)
	at sun.reflect.DelegatingConstructorAccessorImpl.newInstance(Unknown Source)
	at java.lang.reflect.Constructor.newInstance(Unknown Source)
	at com.mysql.jdbc.Util.handleNewInstance(Util.java:406)
	at com.mysql.jdbc.Util.getInstance(Util.java:381)
	at com.mysql.jdbc.SQLError.createSQLException(SQLError.java:984)
	at com.mysql.jdbc.SQLError.createSQLException(SQLError.java:956)
	at com.mysql.jdbc.MysqlIO.doHandshake(MysqlIO.java:1095)
	at com.mysql.jdbc.ConnectionImpl.createNewIO(ConnectionImpl.java:2031)
	at com.mysql.jdbc.ConnectionImpl.<init>(ConnectionImpl.java:718)
	at com.mysql.jdbc.JDBC4Connection.<init>(JDBC4Connection.java:46)
	at sun.reflect.GeneratedConstructorAccessor4.newInstance(Unknown Source)
	at sun.reflect.DelegatingConstructorAccessorImpl.newInstance(Unknown Source)
	at java.lang.reflect.Constructor.newInstance(Unknown Source)
	at com.mysql.jdbc.Util.handleNewInstance(Util.java:406)
	at com.mysql.jdbc.ConnectionImpl.getInstance(ConnectionImpl.java:302)
	at com.mysql.jdbc.NonRegisteringDriver.connect(NonRegisteringDriver.java:282)
	at java.sql.DriverManager.getConnection(Unknown Source)
	at java.sql.DriverManager.getConnection(Unknown Source)
	at Dao.TestJDBC.findAllPizzas(TestJDBC.java:27)
	... 2 common frames omitted
15:49:14.266 [main] INFO  f.p.console.PizzeriaAdminConsoleApp -
				ma première info
