2019-04-08 12:26:17,284 [Worker-0: Loading available Gradle versions] INFO  o.e.b.c.i.u.g.PublishedGradleVersions - Gradle version information cache is up-to-date. Trying to read.
2019-04-08 12:27:32,378 [Worker-4: Creating maven-archetype-quickstart] INFO  o.e.m.c.i.p.ProjectConfigurationManager - Collecting project info '/pom.xml' C:\Users\amado\Desktop\workspace\demo-tests-unitaires\pom.xml
2019-04-08 12:27:33,107 [Worker-4: Creating maven-archetype-quickstart] INFO  o.e.m.c.i.l.LifecycleMappingFactory - Using org.eclipse.m2e.jdt.JarLifecycleMapping lifecycle mapping for MavenProject: dev:demo-tests-unitaires:0.0.1-SNAPSHOT @ C:\Users\amado\Desktop\workspace\demo-tests-unitaires\pom.xml.
2019-04-08 12:27:33,695 [Worker-4: Creating maven-archetype-quickstart] INFO  o.e.m.j.i.AbstractJavaProjectConfigurator - Adding source folder /demo-tests-unitaires/src/main/java
2019-04-08 12:27:33,702 [Worker-4: Creating maven-archetype-quickstart] INFO  o.e.m.j.i.AbstractJavaProjectConfigurator - Adding source folder /demo-tests-unitaires/src/test/java
2019-04-08 12:27:33,810 [Worker-4: Creating maven-archetype-quickstart] INFO  o.e.m.c.i.p.ProjectConfigurationManager - Imported and configured 1 project(s) in 1 sec
2019-04-08 12:27:34,484 [Worker-0: Building workspace] INFO  o.e.m.c.i.embedder.EclipseLogger - Using 'UTF-8' encoding to copy filtered resources.
2019-04-08 12:27:34,484 [Worker-0: Building workspace] INFO  o.e.m.c.i.embedder.EclipseLogger - skip non existing resourceDirectory C:\Users\amado\Desktop\workspace\demo-tests-unitaires\src\main\resources
2019-04-08 12:27:34,486 [Worker-0: Building workspace] INFO  o.e.m.c.i.embedder.EclipseLogger - Using 'UTF-8' encoding to copy filtered resources.
2019-04-08 12:27:34,486 [Worker-0: Building workspace] INFO  o.e.m.c.i.embedder.EclipseLogger - skip non existing resourceDirectory C:\Users\amado\Desktop\workspace\demo-tests-unitaires\src\test\resources
2019-04-08 12:28:25,072 [Worker-3: Building workspace] INFO  o.e.m.c.i.embedder.EclipseLogger - Using 'UTF-8' encoding to copy filtered resources.
2019-04-08 12:28:25,072 [Worker-3: Building workspace] INFO  o.e.m.c.i.embedder.EclipseLogger - skip non existing resourceDirectory C:\Users\amado\Desktop\workspace\demo-tests-unitaires\src\main\resources
2019-04-08 12:28:25,075 [Worker-3: Building workspace] INFO  o.e.m.c.i.embedder.EclipseLogger - Using 'UTF-8' encoding to copy filtered resources.
2019-04-08 12:28:25,075 [Worker-3: Building workspace] INFO  o.e.m.c.i.embedder.EclipseLogger - skip non existing resourceDirectory C:\Users\amado\Desktop\workspace\demo-tests-unitaires\src\test\resources
2019-04-08 12:28:26,165 [Worker-0: Building workspace] INFO  o.e.m.c.i.embedder.EclipseLogger - Using 'UTF-8' encoding to copy filtered resources.
2019-04-08 12:28:26,166 [Worker-0: Building workspace] INFO  o.e.m.c.i.embedder.EclipseLogger - skip non existing resourceDirectory C:\Users\amado\Desktop\workspace\demo-tests-unitaires\src\main\resources
2019-04-08 12:28:26,203 [Worker-0: Building workspace] INFO  o.e.m.c.i.embedder.EclipseLogger - Using 'UTF-8' encoding to copy filtered resources.
2019-04-08 12:28:26,204 [Worker-0: Building workspace] INFO  o.e.m.c.i.embedder.EclipseLogger - skip non existing resourceDirectory C:\Users\amado\Desktop\workspace\demo-tests-unitaires\src\test\resources
2019-04-08 12:28:49,595 [Worker-1: Building workspace] INFO  o.e.m.c.i.embedder.EclipseLogger - Using 'UTF-8' encoding to copy filtered resources.
2019-04-08 12:28:49,595 [Worker-1: Building workspace] INFO  o.e.m.c.i.embedder.EclipseLogger - skip non existing resourceDirectory C:\Users\amado\Desktop\workspace\demo-tests-unitaires\src\main\resources
2019-04-08 12:28:49,600 [Worker-1: Building workspace] INFO  o.e.m.c.i.embedder.EclipseLogger - Using 'UTF-8' encoding to copy filtered resources.
2019-04-08 12:28:49,603 [Worker-1: Building workspace] INFO  o.e.m.c.i.embedder.EclipseLogger - skip non existing resourceDirectory C:\Users\amado\Desktop\workspace\demo-tests-unitaires\src\test\resources
2019-04-08 12:29:35,466 [Worker-2: Building workspace] INFO  o.e.m.c.i.embedder.EclipseLogger - Using 'UTF-8' encoding to copy filtered resources.
2019-04-08 12:29:35,467 [Worker-2: Building workspace] INFO  o.e.m.c.i.embedder.EclipseLogger - skip non existing resourceDirectory C:\Users\amado\Desktop\workspace\demo-tests-unitaires\src\main\resources
2019-04-08 12:29:35,472 [Worker-2: Building workspace] INFO  o.e.m.c.i.embedder.EclipseLogger - Using 'UTF-8' encoding to copy filtered resources.
2019-04-08 12:29:35,476 [Worker-2: Building workspace] INFO  o.e.m.c.i.embedder.EclipseLogger - skip non existing resourceDirectory C:\Users\amado\Desktop\workspace\demo-tests-unitaires\src\test\resources
2019-04-08 12:30:29,793 [Worker-2: Building workspace] INFO  o.e.m.c.i.embedder.EclipseLogger - Using 'UTF-8' encoding to copy filtered resources.
2019-04-08 12:30:29,793 [Worker-2: Building workspace] INFO  o.e.m.c.i.embedder.EclipseLogger - skip non existing resourceDirectory C:\Users\amado\Desktop\workspace\demo-tests-unitaires\src\main\resources
2019-04-08 12:30:29,799 [Worker-2: Building workspace] INFO  o.e.m.c.i.embedder.EclipseLogger - Using 'UTF-8' encoding to copy filtered resources.
2019-04-08 12:30:29,806 [Worker-2: Building workspace] INFO  o.e.m.c.i.embedder.EclipseLogger - skip non existing resourceDirectory C:\Users\amado\Desktop\workspace\demo-tests-unitaires\src\test\resources
2019-04-08 12:33:03,809 [Worker-0: Building workspace] INFO  o.e.m.c.i.embedder.EclipseLogger - Using 'UTF-8' encoding to copy filtered resources.
2019-04-08 12:33:03,809 [Worker-0: Building workspace] INFO  o.e.m.c.i.embedder.EclipseLogger - skip non existing resourceDirectory C:\Users\amado\Desktop\workspace\demo-tests-unitaires\src\main\resources
2019-04-08 12:33:03,814 [Worker-0: Building workspace] INFO  o.e.m.c.i.embedder.EclipseLogger - Using 'UTF-8' encoding to copy filtered resources.
2019-04-08 12:33:03,818 [Worker-0: Building workspace] INFO  o.e.m.c.i.embedder.EclipseLogger - skip non existing resourceDirectory C:\Users\amado\Desktop\workspace\demo-tests-unitaires\src\test\resources
2019-04-08 12:35:06,397 [Worker-0: Building workspace] INFO  o.e.m.c.i.embedder.EclipseLogger - Using 'UTF-8' encoding to copy filtered resources.
2019-04-08 12:35:06,397 [Worker-0: Building workspace] INFO  o.e.m.c.i.embedder.EclipseLogger - skip non existing resourceDirectory C:\Users\amado\Desktop\workspace\demo-tests-unitaires\src\main\resources
2019-04-08 12:35:06,402 [Worker-0: Building workspace] INFO  o.e.m.c.i.embedder.EclipseLogger - Using 'UTF-8' encoding to copy filtered resources.
2019-04-08 12:35:06,405 [Worker-0: Building workspace] INFO  o.e.m.c.i.embedder.EclipseLogger - skip non existing resourceDirectory C:\Users\amado\Desktop\workspace\demo-tests-unitaires\src\test\resources
2019-04-08 12:38:47,704 [Worker-7: Building workspace] INFO  o.e.m.c.i.embedder.EclipseLogger - Using 'UTF-8' encoding to copy filtered resources.
2019-04-08 12:38:47,704 [Worker-7: Building workspace] INFO  o.e.m.c.i.embedder.EclipseLogger - skip non existing resourceDirectory C:\Users\amado\Desktop\workspace\demo-tests-unitaires\src\main\resources
2019-04-08 12:38:47,710 [Worker-7: Building workspace] INFO  o.e.m.c.i.embedder.EclipseLogger - Using 'UTF-8' encoding to copy filtered resources.
2019-04-08 12:38:47,713 [Worker-7: Building workspace] INFO  o.e.m.c.i.embedder.EclipseLogger - skip non existing resourceDirectory C:\Users\amado\Desktop\workspace\demo-tests-unitaires\src\test\resources
2019-04-08 12:40:03,961 [Worker-7: Building workspace] INFO  o.e.m.c.i.embedder.EclipseLogger - Using 'UTF-8' encoding to copy filtered resources.
2019-04-08 12:40:03,961 [Worker-7: Building workspace] INFO  o.e.m.c.i.embedder.EclipseLogger - skip non existing resourceDirectory C:\Users\amado\Desktop\workspace\demo-tests-unitaires\src\main\resources
2019-04-08 12:40:03,966 [Worker-7: Building workspace] INFO  o.e.m.c.i.embedder.EclipseLogger - Using 'UTF-8' encoding to copy filtered resources.
2019-04-08 12:40:03,970 [Worker-7: Building workspace] INFO  o.e.m.c.i.embedder.EclipseLogger - skip non existing resourceDirectory C:\Users\amado\Desktop\workspace\demo-tests-unitaires\src\test\resources
2019-04-08 12:40:45,040 [Worker-2: Building workspace] INFO  o.e.m.c.i.embedder.EclipseLogger - Using 'UTF-8' encoding to copy filtered resources.
2019-04-08 12:40:45,041 [Worker-2: Building workspace] INFO  o.e.m.c.i.embedder.EclipseLogger - skip non existing resourceDirectory C:\Users\amado\Desktop\workspace\demo-tests-unitaires\src\main\resources
2019-04-08 12:40:45,045 [Worker-2: Building workspace] INFO  o.e.m.c.i.embedder.EclipseLogger - Using 'UTF-8' encoding to copy filtered resources.
2019-04-08 12:40:45,049 [Worker-2: Building workspace] INFO  o.e.m.c.i.embedder.EclipseLogger - skip non existing resourceDirectory C:\Users\amado\Desktop\workspace\demo-tests-unitaires\src\test\resources
2019-04-08 12:41:24,206 [Worker-0: Building workspace] INFO  o.e.m.c.i.embedder.EclipseLogger - Using 'UTF-8' encoding to copy filtered resources.
2019-04-08 12:41:24,207 [Worker-0: Building workspace] INFO  o.e.m.c.i.embedder.EclipseLogger - skip non existing resourceDirectory C:\Users\amado\Desktop\workspace\demo-tests-unitaires\src\main\resources
2019-04-08 12:41:24,213 [Worker-0: Building workspace] INFO  o.e.m.c.i.embedder.EclipseLogger - Using 'UTF-8' encoding to copy filtered resources.
2019-04-08 12:41:24,218 [Worker-0: Building workspace] INFO  o.e.m.c.i.embedder.EclipseLogger - skip non existing resourceDirectory C:\Users\amado\Desktop\workspace\demo-tests-unitaires\src\test\resources
2019-04-08 12:41:30,656 [Worker-3: Building workspace] INFO  o.e.m.c.i.embedder.EclipseLogger - Using 'UTF-8' encoding to copy filtered resources.
2019-04-08 12:41:30,656 [Worker-3: Building workspace] INFO  o.e.m.c.i.embedder.EclipseLogger - skip non existing resourceDirectory C:\Users\amado\Desktop\workspace\demo-tests-unitaires\src\main\resources
2019-04-08 12:41:30,661 [Worker-3: Building workspace] INFO  o.e.m.c.i.embedder.EclipseLogger - Using 'UTF-8' encoding to copy filtered resources.
2019-04-08 12:41:30,665 [Worker-3: Building workspace] INFO  o.e.m.c.i.embedder.EclipseLogger - skip non existing resourceDirectory C:\Users\amado\Desktop\workspace\demo-tests-unitaires\src\test\resources
2019-04-08 12:41:43,393 [Worker-8: Building workspace] INFO  o.e.m.c.i.embedder.EclipseLogger - Using 'UTF-8' encoding to copy filtered resources.
2019-04-08 12:41:43,393 [Worker-8: Building workspace] INFO  o.e.m.c.i.embedder.EclipseLogger - skip non existing resourceDirectory C:\Users\amado\Desktop\workspace\demo-tests-unitaires\src\main\resources
2019-04-08 12:41:43,397 [Worker-8: Building workspace] INFO  o.e.m.c.i.embedder.EclipseLogger - Using 'UTF-8' encoding to copy filtered resources.
2019-04-08 12:41:43,400 [Worker-8: Building workspace] INFO  o.e.m.c.i.embedder.EclipseLogger - skip non existing resourceDirectory C:\Users\amado\Desktop\workspace\demo-tests-unitaires\src\test\resources
2019-04-08 12:42:03,778 [Worker-7: Building workspace] INFO  o.e.m.c.i.embedder.EclipseLogger - Using 'UTF-8' encoding to copy filtered resources.
2019-04-08 12:42:03,778 [Worker-7: Building workspace] INFO  o.e.m.c.i.embedder.EclipseLogger - skip non existing resourceDirectory C:\Users\amado\Desktop\workspace\demo-tests-unitaires\src\main\resources
2019-04-08 12:42:03,783 [Worker-7: Building workspace] INFO  o.e.m.c.i.embedder.EclipseLogger - Using 'UTF-8' encoding to copy filtered resources.
2019-04-08 12:42:03,787 [Worker-7: Building workspace] INFO  o.e.m.c.i.embedder.EclipseLogger - skip non existing resourceDirectory C:\Users\amado\Desktop\workspace\demo-tests-unitaires\src\test\resources
2019-04-08 12:42:19,108 [Worker-8: Building workspace] INFO  o.e.m.c.i.embedder.EclipseLogger - Using 'UTF-8' encoding to copy filtered resources.
2019-04-08 12:42:19,108 [Worker-8: Building workspace] INFO  o.e.m.c.i.embedder.EclipseLogger - skip non existing resourceDirectory C:\Users\amado\Desktop\workspace\demo-tests-unitaires\src\main\resources
2019-04-08 12:42:19,114 [Worker-8: Building workspace] INFO  o.e.m.c.i.embedder.EclipseLogger - Using 'UTF-8' encoding to copy filtered resources.
2019-04-08 12:42:19,118 [Worker-8: Building workspace] INFO  o.e.m.c.i.embedder.EclipseLogger - skip non existing resourceDirectory C:\Users\amado\Desktop\workspace\demo-tests-unitaires\src\test\resources
2019-04-08 12:44:31,176 [Worker-7: Building workspace] INFO  o.e.m.c.i.embedder.EclipseLogger - Using 'UTF-8' encoding to copy filtered resources.
2019-04-08 12:44:31,176 [Worker-7: Building workspace] INFO  o.e.m.c.i.embedder.EclipseLogger - skip non existing resourceDirectory C:\Users\amado\Desktop\workspace\demo-tests-unitaires\src\main\resources
2019-04-08 12:44:31,180 [Worker-7: Building workspace] INFO  o.e.m.c.i.embedder.EclipseLogger - Using 'UTF-8' encoding to copy filtered resources.
2019-04-08 12:44:31,183 [Worker-7: Building workspace] INFO  o.e.m.c.i.embedder.EclipseLogger - skip non existing resourceDirectory C:\Users\amado\Desktop\workspace\demo-tests-unitaires\src\test\resources
2019-04-08 12:44:43,999 [Worker-7: Building workspace] INFO  o.e.m.c.i.embedder.EclipseLogger - Using 'UTF-8' encoding to copy filtered resources.
2019-04-08 12:44:43,999 [Worker-7: Building workspace] INFO  o.e.m.c.i.embedder.EclipseLogger - skip non existing resourceDirectory C:\Users\amado\Desktop\workspace\demo-tests-unitaires\src\main\resources
2019-04-08 12:44:44,004 [Worker-7: Building workspace] INFO  o.e.m.c.i.embedder.EclipseLogger - Using 'UTF-8' encoding to copy filtered resources.
2019-04-08 12:44:44,008 [Worker-7: Building workspace] INFO  o.e.m.c.i.embedder.EclipseLogger - skip non existing resourceDirectory C:\Users\amado\Desktop\workspace\demo-tests-unitaires\src\test\resources
2019-04-08 12:45:16,152 [Worker-3: Building workspace] INFO  o.e.m.c.i.embedder.EclipseLogger - Using 'UTF-8' encoding to copy filtered resources.
2019-04-08 12:45:16,152 [Worker-3: Building workspace] INFO  o.e.m.c.i.embedder.EclipseLogger - skip non existing resourceDirectory C:\Users\amado\Desktop\workspace\demo-tests-unitaires\src\main\resources
2019-04-08 12:45:16,159 [Worker-3: Building workspace] INFO  o.e.m.c.i.embedder.EclipseLogger - Using 'UTF-8' encoding to copy filtered resources.
2019-04-08 12:45:16,164 [Worker-3: Building workspace] INFO  o.e.m.c.i.embedder.EclipseLogger - skip non existing resourceDirectory C:\Users\amado\Desktop\workspace\demo-tests-unitaires\src\test\resources
2019-04-08 12:46:17,455 [Worker-5: Building workspace] INFO  o.e.m.c.i.embedder.EclipseLogger - Using 'UTF-8' encoding to copy filtered resources.
2019-04-08 12:46:17,455 [Worker-5: Building workspace] INFO  o.e.m.c.i.embedder.EclipseLogger - skip non existing resourceDirectory C:\Users\amado\Desktop\workspace\demo-tests-unitaires\src\main\resources
2019-04-08 12:46:17,461 [Worker-5: Building workspace] INFO  o.e.m.c.i.embedder.EclipseLogger - Using 'UTF-8' encoding to copy filtered resources.
2019-04-08 12:46:17,465 [Worker-5: Building workspace] INFO  o.e.m.c.i.embedder.EclipseLogger - skip non existing resourceDirectory C:\Users\amado\Desktop\workspace\demo-tests-unitaires\src\test\resources
2019-04-08 12:46:44,577 [Worker-7: Building workspace] INFO  o.e.m.c.i.embedder.EclipseLogger - Using 'UTF-8' encoding to copy filtered resources.
2019-04-08 12:46:44,577 [Worker-7: Building workspace] INFO  o.e.m.c.i.embedder.EclipseLogger - skip non existing resourceDirectory C:\Users\amado\Desktop\workspace\demo-tests-unitaires\src\main\resources
2019-04-08 12:46:44,582 [Worker-7: Building workspace] INFO  o.e.m.c.i.embedder.EclipseLogger - Using 'UTF-8' encoding to copy filtered resources.
2019-04-08 12:46:44,585 [Worker-7: Building workspace] INFO  o.e.m.c.i.embedder.EclipseLogger - skip non existing resourceDirectory C:\Users\amado\Desktop\workspace\demo-tests-unitaires\src\test\resources
2019-04-08 12:47:01,894 [Worker-5: Building workspace] INFO  o.e.m.c.i.embedder.EclipseLogger - Using 'UTF-8' encoding to copy filtered resources.
2019-04-08 12:47:01,894 [Worker-5: Building workspace] INFO  o.e.m.c.i.embedder.EclipseLogger - skip non existing resourceDirectory C:\Users\amado\Desktop\workspace\demo-tests-unitaires\src\main\resources
2019-04-08 12:47:01,898 [Worker-5: Building workspace] INFO  o.e.m.c.i.embedder.EclipseLogger - Using 'UTF-8' encoding to copy filtered resources.
2019-04-08 12:47:01,901 [Worker-5: Building workspace] INFO  o.e.m.c.i.embedder.EclipseLogger - skip non existing resourceDirectory C:\Users\amado\Desktop\workspace\demo-tests-unitaires\src\test\resources
2019-04-08 12:47:23,414 [Worker-7: Building workspace] INFO  o.e.m.c.i.embedder.EclipseLogger - Using 'UTF-8' encoding to copy filtered resources.
2019-04-08 12:47:23,414 [Worker-7: Building workspace] INFO  o.e.m.c.i.embedder.EclipseLogger - skip non existing resourceDirectory C:\Users\amado\Desktop\workspace\demo-tests-unitaires\src\main\resources
2019-04-08 12:47:23,420 [Worker-7: Building workspace] INFO  o.e.m.c.i.embedder.EclipseLogger - Using 'UTF-8' encoding to copy filtered resources.
2019-04-08 12:47:23,424 [Worker-7: Building workspace] INFO  o.e.m.c.i.embedder.EclipseLogger - skip non existing resourceDirectory C:\Users\amado\Desktop\workspace\demo-tests-unitaires\src\test\resources
2019-04-08 12:47:38,218 [Worker-2: Building workspace] INFO  o.e.m.c.i.embedder.EclipseLogger - Using 'UTF-8' encoding to copy filtered resources.
2019-04-08 12:47:38,218 [Worker-2: Building workspace] INFO  o.e.m.c.i.embedder.EclipseLogger - skip non existing resourceDirectory C:\Users\amado\Desktop\workspace\demo-tests-unitaires\src\main\resources
2019-04-08 12:47:38,224 [Worker-2: Building workspace] INFO  o.e.m.c.i.embedder.EclipseLogger - Using 'UTF-8' encoding to copy filtered resources.
2019-04-08 12:47:38,228 [Worker-2: Building workspace] INFO  o.e.m.c.i.embedder.EclipseLogger - skip non existing resourceDirectory C:\Users\amado\Desktop\workspace\demo-tests-unitaires\src\test\resources
2019-04-08 12:50:36,439 [Worker-1: Building workspace] INFO  o.e.m.c.i.embedder.EclipseLogger - Using 'UTF-8' encoding to copy filtered resources.
2019-04-08 12:50:36,439 [Worker-1: Building workspace] INFO  o.e.m.c.i.embedder.EclipseLogger - skip non existing resourceDirectory C:\Users\amado\Desktop\workspace\demo-tests-unitaires\src\main\resources
2019-04-08 12:50:36,443 [Worker-1: Building workspace] INFO  o.e.m.c.i.embedder.EclipseLogger - Using 'UTF-8' encoding to copy filtered resources.
2019-04-08 12:50:36,447 [Worker-1: Building workspace] INFO  o.e.m.c.i.embedder.EclipseLogger - skip non existing resourceDirectory C:\Users\amado\Desktop\workspace\demo-tests-unitaires\src\test\resources
2019-04-08 12:52:27,021 [Worker-0: Building workspace] INFO  o.e.m.c.i.embedder.EclipseLogger - Using 'UTF-8' encoding to copy filtered resources.
2019-04-08 12:52:27,021 [Worker-0: Building workspace] INFO  o.e.m.c.i.embedder.EclipseLogger - skip non existing resourceDirectory C:\Users\amado\Desktop\workspace\demo-tests-unitaires\src\main\resources
2019-04-08 12:52:27,026 [Worker-0: Building workspace] INFO  o.e.m.c.i.embedder.EclipseLogger - Using 'UTF-8' encoding to copy filtered resources.
2019-04-08 12:52:27,029 [Worker-0: Building workspace] INFO  o.e.m.c.i.embedder.EclipseLogger - skip non existing resourceDirectory C:\Users\amado\Desktop\workspace\demo-tests-unitaires\src\test\resources
2019-04-08 12:56:23,797 [Worker-4: Loading available Gradle versions] INFO  o.e.b.c.i.u.g.PublishedGradleVersions - Gradle version information cache is up-to-date. Trying to read.
2019-04-08 12:58:49,438 [Worker-5: Building workspace] INFO  o.e.m.c.i.embedder.EclipseLogger - Using 'UTF-8' encoding to copy filtered resources.
2019-04-08 12:58:49,439 [Worker-5: Building workspace] INFO  o.e.m.c.i.embedder.EclipseLogger - skip non existing resourceDirectory C:\Users\amado\Desktop\workspace\demo-tests-unitaires\src\main\resources
2019-04-08 12:58:49,440 [Worker-5: Building workspace] INFO  o.e.m.c.i.embedder.EclipseLogger - Using 'UTF-8' encoding to copy filtered resources.
2019-04-08 12:58:49,441 [Worker-5: Building workspace] INFO  o.e.m.c.i.embedder.EclipseLogger - skip non existing resourceDirectory C:\Users\amado\Desktop\workspace\demo-tests-unitaires\src\test\resources
2019-04-08 12:59:10,587 [Worker-10: Building workspace] INFO  o.e.m.c.i.embedder.EclipseLogger - Using 'UTF-8' encoding to copy filtered resources.
2019-04-08 12:59:10,587 [Worker-10: Building workspace] INFO  o.e.m.c.i.embedder.EclipseLogger - skip non existing resourceDirectory C:\Users\amado\Desktop\workspace\demo-tests-unitaires\src\main\resources
2019-04-08 12:59:10,588 [Worker-10: Building workspace] INFO  o.e.m.c.i.embedder.EclipseLogger - Using 'UTF-8' encoding to copy filtered resources.
2019-04-08 12:59:10,588 [Worker-10: Building workspace] INFO  o.e.m.c.i.embedder.EclipseLogger - skip non existing resourceDirectory C:\Users\amado\Desktop\workspace\demo-tests-unitaires\src\test\resources
2019-04-08 12:59:25,006 [Worker-2: Building workspace] INFO  o.e.m.c.i.embedder.EclipseLogger - Using 'UTF-8' encoding to copy filtered resources.
2019-04-08 12:59:25,006 [Worker-2: Building workspace] INFO  o.e.m.c.i.embedder.EclipseLogger - skip non existing resourceDirectory C:\Users\amado\Desktop\workspace\demo-tests-unitaires\src\main\resources
2019-04-08 12:59:25,008 [Worker-2: Building workspace] INFO  o.e.m.c.i.embedder.EclipseLogger - Using 'UTF-8' encoding to copy filtered resources.
2019-04-08 12:59:25,008 [Worker-2: Building workspace] INFO  o.e.m.c.i.embedder.EclipseLogger - skip non existing resourceDirectory C:\Users\amado\Desktop\workspace\demo-tests-unitaires\src\test\resources
2019-04-08 12:59:57,846 [Worker-5: Building workspace] INFO  o.e.m.c.i.embedder.EclipseLogger - Using 'UTF-8' encoding to copy filtered resources.
2019-04-08 12:59:57,846 [Worker-5: Building workspace] INFO  o.e.m.c.i.embedder.EclipseLogger - skip non existing resourceDirectory C:\Users\amado\Desktop\workspace\demo-tests-unitaires\src\main\resources
2019-04-08 12:59:57,847 [Worker-5: Building workspace] INFO  o.e.m.c.i.embedder.EclipseLogger - Using 'UTF-8' encoding to copy filtered resources.
2019-04-08 12:59:57,851 [Worker-5: Building workspace] INFO  o.e.m.c.i.embedder.EclipseLogger - skip non existing resourceDirectory C:\Users\amado\Desktop\workspace\demo-tests-unitaires\src\test\resources
2019-04-08 13:01:19,480 [Worker-2: Building workspace] INFO  o.e.m.c.i.embedder.EclipseLogger - Using 'UTF-8' encoding to copy filtered resources.
2019-04-08 13:01:19,480 [Worker-2: Building workspace] INFO  o.e.m.c.i.embedder.EclipseLogger - skip non existing resourceDirectory C:\Users\amado\Desktop\workspace\demo-tests-unitaires\src\main\resources
2019-04-08 13:01:19,481 [Worker-2: Building workspace] INFO  o.e.m.c.i.embedder.EclipseLogger - Using 'UTF-8' encoding to copy filtered resources.
2019-04-08 13:01:19,486 [Worker-2: Building workspace] INFO  o.e.m.c.i.embedder.EclipseLogger - skip non existing resourceDirectory C:\Users\amado\Desktop\workspace\demo-tests-unitaires\src\test\resources
2019-04-08 13:03:02,885 [Worker-9: Building workspace] INFO  o.e.m.c.i.embedder.EclipseLogger - Using 'UTF-8' encoding to copy filtered resources.
2019-04-08 13:03:02,889 [Worker-9: Building workspace] INFO  o.e.m.c.i.embedder.EclipseLogger - skip non existing resourceDirectory C:\Users\amado\Desktop\workspace\demo-tests-unitaires\src\main\resources
2019-04-08 13:03:02,894 [Worker-9: Building workspace] INFO  o.e.m.c.i.embedder.EclipseLogger - Using 'UTF-8' encoding to copy filtered resources.
2019-04-08 13:03:02,897 [Worker-9: Building workspace] INFO  o.e.m.c.i.embedder.EclipseLogger - skip non existing resourceDirectory C:\Users\amado\Desktop\workspace\demo-tests-unitaires\src\test\resources
2019-04-08 13:03:50,171 [Worker-2: Building workspace] INFO  o.e.m.c.i.embedder.EclipseLogger - Using 'UTF-8' encoding to copy filtered resources.
2019-04-08 13:03:50,171 [Worker-2: Building workspace] INFO  o.e.m.c.i.embedder.EclipseLogger - skip non existing resourceDirectory C:\Users\amado\Desktop\workspace\demo-tests-unitaires\src\main\resources
2019-04-08 13:03:50,172 [Worker-2: Building workspace] INFO  o.e.m.c.i.embedder.EclipseLogger - Using 'UTF-8' encoding to copy filtered resources.
2019-04-08 13:03:50,175 [Worker-2: Building workspace] INFO  o.e.m.c.i.embedder.EclipseLogger - skip non existing resourceDirectory C:\Users\amado\Desktop\workspace\demo-tests-unitaires\src\test\resources
2019-04-08 13:04:45,603 [Worker-11: Building workspace] INFO  o.e.m.c.i.embedder.EclipseLogger - Using 'UTF-8' encoding to copy filtered resources.
2019-04-08 13:04:45,607 [Worker-11: Building workspace] INFO  o.e.m.c.i.embedder.EclipseLogger - skip non existing resourceDirectory C:\Users\amado\Desktop\workspace\demo-tests-unitaires\src\main\resources
2019-04-08 13:04:45,612 [Worker-11: Building workspace] INFO  o.e.m.c.i.embedder.EclipseLogger - Using 'UTF-8' encoding to copy filtered resources.
2019-04-08 13:04:45,616 [Worker-11: Building workspace] INFO  o.e.m.c.i.embedder.EclipseLogger - skip non existing resourceDirectory C:\Users\amado\Desktop\workspace\demo-tests-unitaires\src\test\resources
2019-04-08 13:06:02,053 [Worker-13: Building workspace] INFO  o.e.m.c.i.embedder.EclipseLogger - Using 'UTF-8' encoding to copy filtered resources.
2019-04-08 13:06:02,054 [Worker-13: Building workspace] INFO  o.e.m.c.i.embedder.EclipseLogger - skip non existing resourceDirectory C:\Users\amado\Desktop\workspace\demo-tests-unitaires\src\main\resources
2019-04-08 13:06:02,055 [Worker-13: Building workspace] INFO  o.e.m.c.i.embedder.EclipseLogger - Using 'UTF-8' encoding to copy filtered resources.
2019-04-08 13:06:02,059 [Worker-13: Building workspace] INFO  o.e.m.c.i.embedder.EclipseLogger - skip non existing resourceDirectory C:\Users\amado\Desktop\workspace\demo-tests-unitaires\src\test\resources
2019-04-08 13:08:23,052 [Worker-12: Building workspace] INFO  o.e.m.c.i.embedder.EclipseLogger - Using 'UTF-8' encoding to copy filtered resources.
2019-04-08 13:08:23,056 [Worker-12: Building workspace] INFO  o.e.m.c.i.embedder.EclipseLogger - skip non existing resourceDirectory C:\Users\amado\Desktop\workspace\demo-tests-unitaires\src\main\resources
2019-04-08 13:08:23,061 [Worker-12: Building workspace] INFO  o.e.m.c.i.embedder.EclipseLogger - Using 'UTF-8' encoding to copy filtered resources.
2019-04-08 13:08:23,064 [Worker-12: Building workspace] INFO  o.e.m.c.i.embedder.EclipseLogger - skip non existing resourceDirectory C:\Users\amado\Desktop\workspace\demo-tests-unitaires\src\test\resources
2019-04-08 13:09:01,953 [Worker-11: Building workspace] INFO  o.e.m.c.i.embedder.EclipseLogger - Using 'UTF-8' encoding to copy filtered resources.
2019-04-08 13:09:01,953 [Worker-11: Building workspace] INFO  o.e.m.c.i.embedder.EclipseLogger - skip non existing resourceDirectory C:\Users\amado\Desktop\workspace\demo-tests-unitaires\src\main\resources
2019-04-08 13:09:01,954 [Worker-11: Building workspace] INFO  o.e.m.c.i.embedder.EclipseLogger - Using 'UTF-8' encoding to copy filtered resources.
2019-04-08 13:09:01,958 [Worker-11: Building workspace] INFO  o.e.m.c.i.embedder.EclipseLogger - skip non existing resourceDirectory C:\Users\amado\Desktop\workspace\demo-tests-unitaires\src\test\resources
2019-04-08 13:09:14,599 [Worker-12: Building workspace] INFO  o.e.m.c.i.embedder.EclipseLogger - Using 'UTF-8' encoding to copy filtered resources.
2019-04-08 13:09:14,603 [Worker-12: Building workspace] INFO  o.e.m.c.i.embedder.EclipseLogger - skip non existing resourceDirectory C:\Users\amado\Desktop\workspace\demo-tests-unitaires\src\main\resources
2019-04-08 13:09:14,608 [Worker-12: Building workspace] INFO  o.e.m.c.i.embedder.EclipseLogger - Using 'UTF-8' encoding to copy filtered resources.
2019-04-08 13:09:14,611 [Worker-12: Building workspace] INFO  o.e.m.c.i.embedder.EclipseLogger - skip non existing resourceDirectory C:\Users\amado\Desktop\workspace\demo-tests-unitaires\src\test\resources
2019-04-08 14:03:17,173 [Worker-1: Loading available Gradle versions] INFO  o.e.b.c.i.u.g.PublishedGradleVersions - Gradle version information cache is up-to-date. Trying to read.
2019-04-08 14:04:19,591 [Worker-9: Building workspace] INFO  o.e.m.c.i.embedder.EclipseLogger - Using 'UTF-8' encoding to copy filtered resources.
2019-04-08 14:04:19,591 [Worker-9: Building workspace] INFO  o.e.m.c.i.embedder.EclipseLogger - skip non existing resourceDirectory C:\Users\amado\Desktop\workspace\demo-tests-unitaires\src\main\resources
2019-04-08 14:04:19,591 [Worker-9: Building workspace] INFO  o.e.m.c.i.embedder.EclipseLogger - Using 'UTF-8' encoding to copy filtered resources.
2019-04-08 14:04:19,591 [Worker-9: Building workspace] INFO  o.e.m.c.i.embedder.EclipseLogger - skip non existing resourceDirectory C:\Users\amado\Desktop\workspace\demo-tests-unitaires\src\test\resources
2019-04-08 14:35:31,814 [Worker-10: Building workspace] INFO  o.e.m.c.i.embedder.EclipseLogger - Using 'UTF-8' encoding to copy filtered resources.
2019-04-08 14:35:31,814 [Worker-10: Building workspace] INFO  o.e.m.c.i.embedder.EclipseLogger - skip non existing resourceDirectory C:\Users\amado\Desktop\workspace\demo-tests-unitaires\src\main\resources
2019-04-08 14:35:31,814 [Worker-10: Building workspace] INFO  o.e.m.c.i.embedder.EclipseLogger - Using 'UTF-8' encoding to copy filtered resources.
2019-04-08 14:35:31,814 [Worker-10: Building workspace] INFO  o.e.m.c.i.embedder.EclipseLogger - skip non existing resourceDirectory C:\Users\amado\Desktop\workspace\demo-tests-unitaires\src\test\resources
2019-04-08 15:05:42,212 [Worker-19: Updating Maven Dependencies] INFO  o.e.m.c.i.l.LifecycleMappingFactory - Using org.eclipse.m2e.jdt.JarLifecycleMapping lifecycle mapping for MavenProject: dev:pizzeria-console-objet:0.0.1-SNAPSHOT @ C:\Users\amado\Desktop\workspace\pizzeria-console-objet\pom.xml.
2019-04-08 15:05:43,474 [Worker-19: Building workspace] INFO  o.e.m.c.i.embedder.EclipseLogger - Using 'utf-8' encoding to copy filtered resources.
2019-04-08 15:05:43,479 [Worker-19: Building workspace] INFO  o.e.m.c.i.embedder.EclipseLogger - Copying 2 resources
2019-04-08 15:05:43,492 [Worker-19: Building workspace] INFO  o.e.m.c.i.embedder.EclipseLogger - Using 'utf-8' encoding to copy filtered resources.
2019-04-08 15:05:43,492 [Worker-19: Building workspace] INFO  o.e.m.c.i.embedder.EclipseLogger - skip non existing resourceDirectory C:\Users\amado\Desktop\workspace\pizzeria-console-objet\src\test\resources
2019-04-08 15:06:17,649 [Worker-18: Building workspace] INFO  o.e.m.c.i.l.LifecycleMappingFactory - Using org.eclipse.m2e.jdt.JarLifecycleMapping lifecycle mapping for MavenProject: dev:pizzeria-console-objet:0.0.1-SNAPSHOT @ C:\Users\amado\Desktop\workspace\pizzeria-console-objet\pom.xml.
2019-04-08 15:06:17,816 [Worker-18: Building workspace] INFO  o.e.m.c.i.embedder.EclipseLogger - Using 'utf-8' encoding to copy filtered resources.
2019-04-08 15:06:17,821 [Worker-18: Building workspace] INFO  o.e.m.c.i.embedder.EclipseLogger - Copying 0 resource
2019-04-08 15:06:17,823 [Worker-18: Building workspace] INFO  o.e.m.c.i.embedder.EclipseLogger - Using 'utf-8' encoding to copy filtered resources.
2019-04-08 15:06:17,823 [Worker-18: Building workspace] INFO  o.e.m.c.i.embedder.EclipseLogger - skip non existing resourceDirectory C:\Users\amado\Desktop\workspace\pizzeria-console-objet\src\test\resources
2019-04-08 15:07:24,611 [Worker-23: Building workspace] INFO  o.e.m.c.i.embedder.EclipseLogger - Using 'utf-8' encoding to copy filtered resources.
2019-04-08 15:07:24,624 [Worker-23: Building workspace] INFO  o.e.m.c.i.embedder.EclipseLogger - Copying 2 resources
2019-04-08 15:07:24,631 [Worker-23: Building workspace] INFO  o.e.m.c.i.embedder.EclipseLogger - Using 'utf-8' encoding to copy filtered resources.
2019-04-08 15:07:24,635 [Worker-23: Building workspace] INFO  o.e.m.c.i.embedder.EclipseLogger - skip non existing resourceDirectory C:\Users\amado\Desktop\workspace\pizzeria-console-objet\src\test\resources
2019-04-08 15:08:16,625 [Worker-23: Updating Maven Project] INFO  o.e.m.c.i.p.ProjectConfigurationManager - Update started
2019-04-08 15:08:16,952 [Worker-23: Updating Maven Project] INFO  o.e.m.c.i.l.LifecycleMappingFactory - Using org.eclipse.m2e.jdt.JarLifecycleMapping lifecycle mapping for MavenProject: dev:pizzeria-console-objet:0.0.1-SNAPSHOT @ C:\Users\amado\Desktop\workspace\pizzeria-console-objet\pom.xml.
2019-04-08 15:08:17,092 [Worker-23: Updating Maven Project] INFO  o.e.m.j.i.AbstractJavaProjectConfigurator - Adding source folder /pizzeria-console-objet/src/main/java
2019-04-08 15:08:17,096 [Worker-23: Updating Maven Project] INFO  o.e.m.j.i.AbstractJavaProjectConfigurator - Adding resource folder /pizzeria-console-objet/src/main/resources
2019-04-08 15:08:17,100 [Worker-23: Updating Maven Project] INFO  o.e.m.j.i.AbstractJavaProjectConfigurator - Adding source folder /pizzeria-console-objet/src/test/java
2019-04-08 15:08:17,261 [Worker-23: Updating Maven Project] INFO  o.e.m.c.i.p.ProjectConfigurationManager - Update completed: 0 sec
2019-04-08 15:08:17,693 [Worker-24: Building workspace] INFO  o.e.m.c.i.embedder.EclipseLogger - Using 'utf-8' encoding to copy filtered resources.
2019-04-08 15:08:17,694 [Worker-24: Building workspace] INFO  o.e.m.c.i.embedder.EclipseLogger - Copying 2 resources
2019-04-08 15:08:17,703 [Worker-24: Building workspace] INFO  o.e.m.c.i.embedder.EclipseLogger - Using 'utf-8' encoding to copy filtered resources.
2019-04-08 15:08:17,707 [Worker-24: Building workspace] INFO  o.e.m.c.i.embedder.EclipseLogger - skip non existing resourceDirectory C:\Users\amado\Desktop\workspace\pizzeria-console-objet\src\test\resources
2019-04-08 15:08:33,493 [Worker-24: Building workspace] INFO  o.e.m.c.i.embedder.EclipseLogger - Using 'utf-8' encoding to copy filtered resources.
2019-04-08 15:08:33,494 [Worker-24: Building workspace] INFO  o.e.m.c.i.embedder.EclipseLogger - Copying 2 resources
2019-04-08 15:08:33,495 [Worker-24: Building workspace] INFO  o.e.m.c.i.embedder.EclipseLogger - Using 'utf-8' encoding to copy filtered resources.
2019-04-08 15:08:33,498 [Worker-24: Building workspace] INFO  o.e.m.c.i.embedder.EclipseLogger - skip non existing resourceDirectory C:\Users\amado\Desktop\workspace\pizzeria-console-objet\src\test\resources
2019-04-08 15:11:25,086 [Worker-16: Building workspace] INFO  o.e.m.c.i.l.LifecycleMappingFactory - Using org.eclipse.m2e.jdt.JarLifecycleMapping lifecycle mapping for MavenProject: dev:demo-tests-unitaires:0.0.1-SNAPSHOT @ C:\Users\amado\Desktop\workspace\demo-tests-unitaires\pom.xml.
2019-04-08 15:11:25,363 [Worker-16: Building workspace] INFO  o.e.m.c.i.embedder.EclipseLogger - Using 'UTF-8' encoding to copy filtered resources.
2019-04-08 15:11:25,367 [Worker-16: Building workspace] INFO  o.e.m.c.i.embedder.EclipseLogger - skip non existing resourceDirectory C:\Users\amado\Desktop\workspace\demo-tests-unitaires\src\main\resources
2019-04-08 15:11:25,372 [Worker-16: Building workspace] INFO  o.e.m.c.i.embedder.EclipseLogger - Using 'UTF-8' encoding to copy filtered resources.
2019-04-08 15:11:25,372 [Worker-16: Building workspace] INFO  o.e.m.c.i.embedder.EclipseLogger - skip non existing resourceDirectory C:\Users\amado\Desktop\workspace\demo-tests-unitaires\src\test\resources
2019-04-08 15:11:26,484 [Worker-15: Building workspace] INFO  o.e.m.c.i.embedder.EclipseLogger - Using 'UTF-8' encoding to copy filtered resources.
2019-04-08 15:11:26,484 [Worker-15: Building workspace] INFO  o.e.m.c.i.embedder.EclipseLogger - skip non existing resourceDirectory C:\Users\amado\Desktop\workspace\demo-tests-unitaires\src\main\resources
2019-04-08 15:11:26,488 [Worker-15: Building workspace] INFO  o.e.m.c.i.embedder.EclipseLogger - Using 'UTF-8' encoding to copy filtered resources.
2019-04-08 15:11:26,493 [Worker-15: Building workspace] INFO  o.e.m.c.i.embedder.EclipseLogger - skip non existing resourceDirectory C:\Users\amado\Desktop\workspace\demo-tests-unitaires\src\test\resources
2019-04-08 15:11:36,068 [Worker-25: Building workspace] INFO  o.e.m.c.i.embedder.EclipseLogger - Using 'UTF-8' encoding to copy filtered resources.
2019-04-08 15:11:36,068 [Worker-25: Building workspace] INFO  o.e.m.c.i.embedder.EclipseLogger - skip non existing resourceDirectory C:\Users\amado\Desktop\workspace\demo-tests-unitaires\src\main\resources
2019-04-08 15:11:36,076 [Worker-25: Building workspace] INFO  o.e.m.c.i.embedder.EclipseLogger - Using 'UTF-8' encoding to copy filtered resources.
2019-04-08 15:11:36,081 [Worker-25: Building workspace] INFO  o.e.m.c.i.embedder.EclipseLogger - skip non existing resourceDirectory C:\Users\amado\Desktop\workspace\demo-tests-unitaires\src\test\resources
2019-04-08 15:11:42,931 [Worker-26: Building workspace] INFO  o.e.m.c.i.embedder.EclipseLogger - Using 'UTF-8' encoding to copy filtered resources.
2019-04-08 15:11:42,932 [Worker-26: Building workspace] INFO  o.e.m.c.i.embedder.EclipseLogger - skip non existing resourceDirectory C:\Users\amado\Desktop\workspace\demo-tests-unitaires\src\main\resources
2019-04-08 15:11:42,938 [Worker-26: Building workspace] INFO  o.e.m.c.i.embedder.EclipseLogger - Using 'UTF-8' encoding to copy filtered resources.
2019-04-08 15:11:42,942 [Worker-26: Building workspace] INFO  o.e.m.c.i.embedder.EclipseLogger - skip non existing resourceDirectory C:\Users\amado\Desktop\workspace\demo-tests-unitaires\src\test\resources
2019-04-08 15:11:51,859 [Worker-23: Building workspace] INFO  o.e.m.c.i.embedder.EclipseLogger - Using 'utf-8' encoding to copy filtered resources.
2019-04-08 15:11:51,861 [Worker-23: Building workspace] INFO  o.e.m.c.i.embedder.EclipseLogger - Copying 2 resources
2019-04-08 15:11:51,868 [Worker-23: Building workspace] INFO  o.e.m.c.i.embedder.EclipseLogger - Using 'utf-8' encoding to copy filtered resources.
2019-04-08 15:11:51,872 [Worker-23: Building workspace] INFO  o.e.m.c.i.embedder.EclipseLogger - skip non existing resourceDirectory C:\Users\amado\Desktop\workspace\pizzeria-console-objet\src\test\resources
2019-04-08 15:13:13,099 [Worker-25: Building workspace] INFO  o.e.m.c.i.embedder.EclipseLogger - Using 'UTF-8' encoding to copy filtered resources.
2019-04-08 15:13:13,099 [Worker-25: Building workspace] INFO  o.e.m.c.i.embedder.EclipseLogger - skip non existing resourceDirectory C:\Users\amado\Desktop\workspace\demo-tests-unitaires\src\main\resources
2019-04-08 15:13:13,108 [Worker-25: Building workspace] INFO  o.e.m.c.i.embedder.EclipseLogger - Using 'UTF-8' encoding to copy filtered resources.
2019-04-08 15:13:13,112 [Worker-25: Building workspace] INFO  o.e.m.c.i.embedder.EclipseLogger - skip non existing resourceDirectory C:\Users\amado\Desktop\workspace\demo-tests-unitaires\src\test\resources
2019-04-08 15:14:29,864 [Worker-28: Building workspace] INFO  o.e.m.c.i.embedder.EclipseLogger - Using 'UTF-8' encoding to copy filtered resources.
2019-04-08 15:14:29,865 [Worker-28: Building workspace] INFO  o.e.m.c.i.embedder.EclipseLogger - skip non existing resourceDirectory C:\Users\amado\Desktop\workspace\demo-tests-unitaires\src\main\resources
2019-04-08 15:14:29,871 [Worker-28: Building workspace] INFO  o.e.m.c.i.embedder.EclipseLogger - Using 'UTF-8' encoding to copy filtered resources.
2019-04-08 15:14:29,877 [Worker-28: Building workspace] INFO  o.e.m.c.i.embedder.EclipseLogger - skip non existing resourceDirectory C:\Users\amado\Desktop\workspace\demo-tests-unitaires\src\test\resources
2019-04-08 15:15:07,866 [Worker-26: Building workspace] INFO  o.e.m.c.i.embedder.EclipseLogger - Using 'UTF-8' encoding to copy filtered resources.
2019-04-08 15:15:07,866 [Worker-26: Building workspace] INFO  o.e.m.c.i.embedder.EclipseLogger - skip non existing resourceDirectory C:\Users\amado\Desktop\workspace\demo-tests-unitaires\src\main\resources
2019-04-08 15:15:07,870 [Worker-26: Building workspace] INFO  o.e.m.c.i.embedder.EclipseLogger - Using 'UTF-8' encoding to copy filtered resources.
2019-04-08 15:15:07,874 [Worker-26: Building workspace] INFO  o.e.m.c.i.embedder.EclipseLogger - skip non existing resourceDirectory C:\Users\amado\Desktop\workspace\demo-tests-unitaires\src\test\resources
2019-04-08 15:17:51,583 [Worker-30: Building workspace] INFO  o.e.m.c.i.embedder.EclipseLogger - Using 'UTF-8' encoding to copy filtered resources.
2019-04-08 15:17:51,583 [Worker-30: Building workspace] INFO  o.e.m.c.i.embedder.EclipseLogger - skip non existing resourceDirectory C:\Users\amado\Desktop\workspace\demo-tests-unitaires\src\main\resources
2019-04-08 15:17:51,588 [Worker-30: Building workspace] INFO  o.e.m.c.i.embedder.EclipseLogger - Using 'UTF-8' encoding to copy filtered resources.
2019-04-08 15:17:51,593 [Worker-30: Building workspace] INFO  o.e.m.c.i.embedder.EclipseLogger - skip non existing resourceDirectory C:\Users\amado\Desktop\workspace\demo-tests-unitaires\src\test\resources
2019-04-08 15:19:08,964 [Worker-26: Building workspace] INFO  o.e.m.c.i.embedder.EclipseLogger - Using 'UTF-8' encoding to copy filtered resources.
2019-04-08 15:19:08,964 [Worker-26: Building workspace] INFO  o.e.m.c.i.embedder.EclipseLogger - skip non existing resourceDirectory C:\Users\amado\Desktop\workspace\demo-tests-unitaires\src\main\resources
2019-04-08 15:19:08,970 [Worker-26: Building workspace] INFO  o.e.m.c.i.embedder.EclipseLogger - Using 'UTF-8' encoding to copy filtered resources.
2019-04-08 15:19:08,973 [Worker-26: Building workspace] INFO  o.e.m.c.i.embedder.EclipseLogger - skip non existing resourceDirectory C:\Users\amado\Desktop\workspace\demo-tests-unitaires\src\test\resources
2019-04-08 15:20:47,893 [Worker-30: Building workspace] INFO  o.e.m.c.i.embedder.EclipseLogger - Using 'UTF-8' encoding to copy filtered resources.
2019-04-08 15:20:47,893 [Worker-30: Building workspace] INFO  o.e.m.c.i.embedder.EclipseLogger - skip non existing resourceDirectory C:\Users\amado\Desktop\workspace\demo-tests-unitaires\src\main\resources
2019-04-08 15:20:47,899 [Worker-30: Building workspace] INFO  o.e.m.c.i.embedder.EclipseLogger - Using 'UTF-8' encoding to copy filtered resources.
2019-04-08 15:20:47,904 [Worker-30: Building workspace] INFO  o.e.m.c.i.embedder.EclipseLogger - skip non existing resourceDirectory C:\Users\amado\Desktop\workspace\demo-tests-unitaires\src\test\resources
2019-04-08 15:24:35,005 [Worker-31: Building workspace] INFO  o.e.m.c.i.embedder.EclipseLogger - Using 'UTF-8' encoding to copy filtered resources.
2019-04-08 15:24:35,006 [Worker-31: Building workspace] INFO  o.e.m.c.i.embedder.EclipseLogger - skip non existing resourceDirectory C:\Users\amado\Desktop\workspace\demo-tests-unitaires\src\main\resources
2019-04-08 15:24:35,013 [Worker-31: Building workspace] INFO  o.e.m.c.i.embedder.EclipseLogger - Using 'UTF-8' encoding to copy filtered resources.
2019-04-08 15:24:35,017 [Worker-31: Building workspace] INFO  o.e.m.c.i.embedder.EclipseLogger - skip non existing resourceDirectory C:\Users\amado\Desktop\workspace\demo-tests-unitaires\src\test\resources
2019-04-08 15:24:56,850 [Worker-29: Building workspace] INFO  o.e.m.c.i.embedder.EclipseLogger - Using 'UTF-8' encoding to copy filtered resources.
2019-04-08 15:24:56,850 [Worker-29: Building workspace] INFO  o.e.m.c.i.embedder.EclipseLogger - skip non existing resourceDirectory C:\Users\amado\Desktop\workspace\demo-tests-unitaires\src\main\resources
2019-04-08 15:24:56,858 [Worker-29: Building workspace] INFO  o.e.m.c.i.embedder.EclipseLogger - Using 'UTF-8' encoding to copy filtered resources.
2019-04-08 15:24:56,866 [Worker-29: Building workspace] INFO  o.e.m.c.i.embedder.EclipseLogger - skip non existing resourceDirectory C:\Users\amado\Desktop\workspace\demo-tests-unitaires\src\test\resources
2019-04-08 15:26:02,868 [Worker-26: Building workspace] INFO  o.e.m.c.i.embedder.EclipseLogger - Using 'UTF-8' encoding to copy filtered resources.
2019-04-08 15:26:02,868 [Worker-26: Building workspace] INFO  o.e.m.c.i.embedder.EclipseLogger - skip non existing resourceDirectory C:\Users\amado\Desktop\workspace\demo-tests-unitaires\src\main\resources
2019-04-08 15:26:02,873 [Worker-26: Building workspace] INFO  o.e.m.c.i.embedder.EclipseLogger - Using 'UTF-8' encoding to copy filtered resources.
2019-04-08 15:26:02,877 [Worker-26: Building workspace] INFO  o.e.m.c.i.embedder.EclipseLogger - skip non existing resourceDirectory C:\Users\amado\Desktop\workspace\demo-tests-unitaires\src\test\resources
2019-04-08 15:26:43,039 [Worker-26: Building workspace] INFO  o.e.m.c.i.embedder.EclipseLogger - Using 'UTF-8' encoding to copy filtered resources.
2019-04-08 15:26:43,040 [Worker-26: Building workspace] INFO  o.e.m.c.i.embedder.EclipseLogger - skip non existing resourceDirectory C:\Users\amado\Desktop\workspace\demo-tests-unitaires\src\main\resources
2019-04-08 15:26:43,043 [Worker-26: Building workspace] INFO  o.e.m.c.i.embedder.EclipseLogger - Using 'UTF-8' encoding to copy filtered resources.
2019-04-08 15:26:43,047 [Worker-26: Building workspace] INFO  o.e.m.c.i.embedder.EclipseLogger - skip non existing resourceDirectory C:\Users\amado\Desktop\workspace\demo-tests-unitaires\src\test\resources
2019-04-08 15:32:58,301 [Worker-35: Building workspace] INFO  o.e.m.c.i.l.LifecycleMappingFactory - Using org.eclipse.m2e.jdt.JarLifecycleMapping lifecycle mapping for MavenProject: dev:demo-tests-unitaires:0.0.1-SNAPSHOT @ C:\Users\amado\Desktop\workspace\demo-tests-unitaires\pom.xml.
2019-04-08 15:32:58,360 [Worker-35: Building workspace] INFO  o.e.m.c.i.embedder.EclipseLogger - Using 'UTF-8' encoding to copy filtered resources.
2019-04-08 15:32:58,364 [Worker-35: Building workspace] INFO  o.e.m.c.i.embedder.EclipseLogger - skip non existing resourceDirectory C:\Users\amado\Desktop\workspace\demo-tests-unitaires\src\main\resources
2019-04-08 15:32:58,368 [Worker-35: Building workspace] INFO  o.e.m.c.i.embedder.EclipseLogger - Using 'UTF-8' encoding to copy filtered resources.
2019-04-08 15:32:58,371 [Worker-35: Building workspace] INFO  o.e.m.c.i.embedder.EclipseLogger - skip non existing resourceDirectory C:\Users\amado\Desktop\workspace\demo-tests-unitaires\src\test\resources
2019-04-08 15:33:01,064 [Worker-29: Updating Maven Project] INFO  o.e.m.c.i.p.ProjectConfigurationManager - Update started
2019-04-08 15:33:01,150 [Worker-29: Updating Maven Project] INFO  o.e.m.c.i.l.LifecycleMappingFactory - Using org.eclipse.m2e.jdt.JarLifecycleMapping lifecycle mapping for MavenProject: dev:demo-tests-unitaires:0.0.1-SNAPSHOT @ C:\Users\amado\Desktop\workspace\demo-tests-unitaires\pom.xml.
2019-04-08 15:33:01,225 [Worker-29: Updating Maven Project] INFO  o.e.m.j.i.AbstractJavaProjectConfigurator - Adding source folder /demo-tests-unitaires/src/main/java
2019-04-08 15:33:01,230 [Worker-29: Updating Maven Project] INFO  o.e.m.j.i.AbstractJavaProjectConfigurator - Adding source folder /demo-tests-unitaires/src/test/java
2019-04-08 15:33:01,310 [Worker-29: Updating Maven Project] INFO  o.e.m.c.i.p.ProjectConfigurationManager - Update completed: 0 sec
2019-04-08 15:33:01,510 [Worker-35: Building workspace] INFO  o.e.m.c.i.embedder.EclipseLogger - Using 'UTF-8' encoding to copy filtered resources.
2019-04-08 15:33:01,511 [Worker-35: Building workspace] INFO  o.e.m.c.i.embedder.EclipseLogger - skip non existing resourceDirectory C:\Users\amado\Desktop\workspace\demo-tests-unitaires\src\main\resources
2019-04-08 15:33:01,512 [Worker-35: Building workspace] INFO  o.e.m.c.i.embedder.EclipseLogger - Using 'UTF-8' encoding to copy filtered resources.
2019-04-08 15:33:01,512 [Worker-35: Building workspace] INFO  o.e.m.c.i.embedder.EclipseLogger - skip non existing resourceDirectory C:\Users\amado\Desktop\workspace\demo-tests-unitaires\src\test\resources
2019-04-08 15:34:23,303 [Worker-29: Building workspace] INFO  o.e.m.c.i.embedder.EclipseLogger - Using 'UTF-8' encoding to copy filtered resources.
2019-04-08 15:34:23,303 [Worker-29: Building workspace] INFO  o.e.m.c.i.embedder.EclipseLogger - skip non existing resourceDirectory C:\Users\amado\Desktop\workspace\demo-tests-unitaires\src\main\resources
2019-04-08 15:34:23,304 [Worker-29: Building workspace] INFO  o.e.m.c.i.embedder.EclipseLogger - Using 'UTF-8' encoding to copy filtered resources.
2019-04-08 15:34:23,304 [Worker-29: Building workspace] INFO  o.e.m.c.i.embedder.EclipseLogger - skip non existing resourceDirectory C:\Users\amado\Desktop\workspace\demo-tests-unitaires\src\test\resources
2019-04-08 15:37:32,551 [Worker-38: Building workspace] INFO  o.e.m.c.i.embedder.EclipseLogger - Using 'UTF-8' encoding to copy filtered resources.
2019-04-08 15:37:32,551 [Worker-38: Building workspace] INFO  o.e.m.c.i.embedder.EclipseLogger - skip non existing resourceDirectory C:\Users\amado\Desktop\workspace\demo-tests-unitaires\src\main\resources
2019-04-08 15:37:32,552 [Worker-38: Building workspace] INFO  o.e.m.c.i.embedder.EclipseLogger - Using 'UTF-8' encoding to copy filtered resources.
2019-04-08 15:37:32,552 [Worker-38: Building workspace] INFO  o.e.m.c.i.embedder.EclipseLogger - skip non existing resourceDirectory C:\Users\amado\Desktop\workspace\demo-tests-unitaires\src\test\resources
2019-04-08 15:41:18,437 [Worker-40: Building workspace] INFO  o.e.m.c.i.embedder.EclipseLogger - Using 'UTF-8' encoding to copy filtered resources.
2019-04-08 15:41:18,437 [Worker-40: Building workspace] INFO  o.e.m.c.i.embedder.EclipseLogger - skip non existing resourceDirectory C:\Users\amado\Desktop\workspace\demo-tests-unitaires\src\main\resources
2019-04-08 15:41:18,442 [Worker-40: Building workspace] INFO  o.e.m.c.i.embedder.EclipseLogger - Using 'UTF-8' encoding to copy filtered resources.
2019-04-08 15:41:18,446 [Worker-40: Building workspace] INFO  o.e.m.c.i.embedder.EclipseLogger - skip non existing resourceDirectory C:\Users\amado\Desktop\workspace\demo-tests-unitaires\src\test\resources
2019-04-08 15:42:10,407 [Worker-35: Building workspace] INFO  o.e.m.c.i.embedder.EclipseLogger - Using 'UTF-8' encoding to copy filtered resources.
2019-04-08 15:42:10,407 [Worker-35: Building workspace] INFO  o.e.m.c.i.embedder.EclipseLogger - skip non existing resourceDirectory C:\Users\amado\Desktop\workspace\demo-tests-unitaires\src\main\resources
2019-04-08 15:42:10,408 [Worker-35: Building workspace] INFO  o.e.m.c.i.embedder.EclipseLogger - Using 'UTF-8' encoding to copy filtered resources.
2019-04-08 15:42:10,408 [Worker-35: Building workspace] INFO  o.e.m.c.i.embedder.EclipseLogger - skip non existing resourceDirectory C:\Users\amado\Desktop\workspace\demo-tests-unitaires\src\test\resources
2019-04-08 15:42:38,201 [Worker-35: Building workspace] INFO  o.e.m.c.i.embedder.EclipseLogger - Using 'UTF-8' encoding to copy filtered resources.
2019-04-08 15:42:38,209 [Worker-35: Building workspace] INFO  o.e.m.c.i.embedder.EclipseLogger - skip non existing resourceDirectory C:\Users\amado\Desktop\workspace\demo-tests-unitaires\src\main\resources
2019-04-08 15:42:38,215 [Worker-35: Building workspace] INFO  o.e.m.c.i.embedder.EclipseLogger - Using 'UTF-8' encoding to copy filtered resources.
2019-04-08 15:42:38,215 [Worker-35: Building workspace] INFO  o.e.m.c.i.embedder.EclipseLogger - skip non existing resourceDirectory C:\Users\amado\Desktop\workspace\demo-tests-unitaires\src\test\resources
2019-04-08 15:43:41,616 [Worker-40: Building workspace] INFO  o.e.m.c.i.embedder.EclipseLogger - Using 'UTF-8' encoding to copy filtered resources.
2019-04-08 15:43:41,617 [Worker-40: Building workspace] INFO  o.e.m.c.i.embedder.EclipseLogger - skip non existing resourceDirectory C:\Users\amado\Desktop\workspace\demo-tests-unitaires\src\main\resources
2019-04-08 15:43:41,617 [Worker-40: Building workspace] INFO  o.e.m.c.i.embedder.EclipseLogger - Using 'UTF-8' encoding to copy filtered resources.
2019-04-08 15:43:41,618 [Worker-40: Building workspace] INFO  o.e.m.c.i.embedder.EclipseLogger - skip non existing resourceDirectory C:\Users\amado\Desktop\workspace\demo-tests-unitaires\src\test\resources
2019-04-08 15:44:05,718 [Worker-35: Building workspace] INFO  o.e.m.c.i.embedder.EclipseLogger - Using 'UTF-8' encoding to copy filtered resources.
2019-04-08 15:44:05,722 [Worker-35: Building workspace] INFO  o.e.m.c.i.embedder.EclipseLogger - skip non existing resourceDirectory C:\Users\amado\Desktop\workspace\demo-tests-unitaires\src\main\resources
2019-04-08 15:44:05,726 [Worker-35: Building workspace] INFO  o.e.m.c.i.embedder.EclipseLogger - Using 'UTF-8' encoding to copy filtered resources.
2019-04-08 15:44:05,726 [Worker-35: Building workspace] INFO  o.e.m.c.i.embedder.EclipseLogger - skip non existing resourceDirectory C:\Users\amado\Desktop\workspace\demo-tests-unitaires\src\test\resources
2019-04-08 15:45:49,093 [Worker-39: Building workspace] INFO  o.e.m.c.i.l.LifecycleMappingFactory - Using org.eclipse.m2e.jdt.JarLifecycleMapping lifecycle mapping for MavenProject: dev:pizzeria-console-objet:0.0.1-SNAPSHOT @ C:\Users\amado\Desktop\workspace\pizzeria-console-objet\pom.xml.
2019-04-08 15:45:49,237 [Worker-39: Building workspace] INFO  o.e.m.c.i.embedder.EclipseLogger - Using 'utf-8' encoding to copy filtered resources.
2019-04-08 15:45:49,237 [Worker-39: Building workspace] INFO  o.e.m.c.i.embedder.EclipseLogger - Copying 0 resource
2019-04-08 15:45:49,238 [Worker-39: Building workspace] INFO  o.e.m.c.i.embedder.EclipseLogger - Using 'utf-8' encoding to copy filtered resources.
2019-04-08 15:45:49,243 [Worker-39: Building workspace] INFO  o.e.m.c.i.embedder.EclipseLogger - skip non existing resourceDirectory C:\Users\amado\Desktop\workspace\pizzeria-console-objet\src\test\resources
2019-04-08 15:45:50,608 [Worker-39: Building workspace] INFO  o.e.m.c.i.embedder.EclipseLogger - Using 'utf-8' encoding to copy filtered resources.
2019-04-08 15:45:50,613 [Worker-39: Building workspace] INFO  o.e.m.c.i.embedder.EclipseLogger - Copying 2 resources
2019-04-08 15:45:50,624 [Worker-39: Building workspace] INFO  o.e.m.c.i.embedder.EclipseLogger - Using 'utf-8' encoding to copy filtered resources.
2019-04-08 15:45:50,628 [Worker-39: Building workspace] INFO  o.e.m.c.i.embedder.EclipseLogger - skip non existing resourceDirectory C:\Users\amado\Desktop\workspace\pizzeria-console-objet\src\test\resources
2019-04-08 15:46:05,297 [Worker-43: Building workspace] INFO  o.e.m.c.i.embedder.EclipseLogger - Using 'utf-8' encoding to copy filtered resources.
2019-04-08 15:46:05,298 [Worker-43: Building workspace] INFO  o.e.m.c.i.embedder.EclipseLogger - Copying 2 resources
2019-04-08 15:46:05,299 [Worker-43: Building workspace] INFO  o.e.m.c.i.embedder.EclipseLogger - Using 'utf-8' encoding to copy filtered resources.
2019-04-08 15:46:05,302 [Worker-43: Building workspace] INFO  o.e.m.c.i.embedder.EclipseLogger - skip non existing resourceDirectory C:\Users\amado\Desktop\workspace\pizzeria-console-objet\src\test\resources
2019-04-08 15:46:32,102 [Worker-43: Building workspace] INFO  o.e.m.c.i.embedder.EclipseLogger - Using 'utf-8' encoding to copy filtered resources.
2019-04-08 15:46:32,108 [Worker-43: Building workspace] INFO  o.e.m.c.i.embedder.EclipseLogger - Copying 2 resources
2019-04-08 15:46:32,112 [Worker-43: Building workspace] INFO  o.e.m.c.i.embedder.EclipseLogger - Using 'utf-8' encoding to copy filtered resources.
2019-04-08 15:46:32,116 [Worker-43: Building workspace] INFO  o.e.m.c.i.embedder.EclipseLogger - skip non existing resourceDirectory C:\Users\amado\Desktop\workspace\pizzeria-console-objet\src\test\resources
2019-04-08 15:46:54,015 [Worker-39: Building workspace] INFO  o.e.m.c.i.embedder.EclipseLogger - Using 'utf-8' encoding to copy filtered resources.
2019-04-08 15:46:54,016 [Worker-39: Building workspace] INFO  o.e.m.c.i.embedder.EclipseLogger - Copying 2 resources
2019-04-08 15:46:54,017 [Worker-39: Building workspace] INFO  o.e.m.c.i.embedder.EclipseLogger - Using 'utf-8' encoding to copy filtered resources.
2019-04-08 15:46:54,031 [Worker-39: Building workspace] INFO  o.e.m.c.i.embedder.EclipseLogger - skip non existing resourceDirectory C:\Users\amado\Desktop\workspace\pizzeria-console-objet\src\test\resources
2019-04-08 15:48:46,312 [Worker-1: Building workspace] INFO  o.e.m.c.i.embedder.EclipseLogger - Using 'utf-8' encoding to copy filtered resources.
2019-04-08 15:48:46,315 [Worker-1: Building workspace] INFO  o.e.m.c.i.embedder.EclipseLogger - Copying 2 resources
2019-04-08 15:48:46,319 [Worker-1: Building workspace] INFO  o.e.m.c.i.embedder.EclipseLogger - Using 'utf-8' encoding to copy filtered resources.
2019-04-08 15:48:46,323 [Worker-1: Building workspace] INFO  o.e.m.c.i.embedder.EclipseLogger - skip non existing resourceDirectory C:\Users\amado\Desktop\workspace\pizzeria-console-objet\src\test\resources
2019-04-08 15:49:13,933 [Worker-43: Launching PizzeriaAdminConsoleApp] INFO  o.e.m.c.i.embedder.EclipseLogger - Using 'utf-8' encoding to copy filtered resources.
2019-04-08 15:49:13,934 [Worker-43: Launching PizzeriaAdminConsoleApp] INFO  o.e.m.c.i.embedder.EclipseLogger - Copying 2 resources
2019-04-08 15:49:13,936 [Worker-43: Launching PizzeriaAdminConsoleApp] INFO  o.e.m.c.i.embedder.EclipseLogger - Using 'utf-8' encoding to copy filtered resources.
2019-04-08 15:49:13,942 [Worker-43: Launching PizzeriaAdminConsoleApp] INFO  o.e.m.c.i.embedder.EclipseLogger - skip non existing resourceDirectory C:\Users\amado\Desktop\workspace\pizzeria-console-objet\src\test\resources
2019-04-08 15:54:06,449 [Worker-1: Building workspace] INFO  o.e.m.c.i.embedder.EclipseLogger - Using 'utf-8' encoding to copy filtered resources.
2019-04-08 15:54:06,455 [Worker-1: Building workspace] INFO  o.e.m.c.i.embedder.EclipseLogger - Copying 2 resources
2019-04-08 15:54:06,466 [Worker-1: Building workspace] INFO  o.e.m.c.i.embedder.EclipseLogger - Using 'utf-8' encoding to copy filtered resources.
2019-04-08 15:54:06,470 [Worker-1: Building workspace] INFO  o.e.m.c.i.embedder.EclipseLogger - skip non existing resourceDirectory C:\Users\amado\Desktop\workspace\pizzeria-console-objet\src\test\resources
2019-04-08 15:55:16,725 [Worker-41: Building workspace] INFO  o.e.m.c.i.embedder.EclipseLogger - Using 'utf-8' encoding to copy filtered resources.
2019-04-08 15:55:16,726 [Worker-41: Building workspace] INFO  o.e.m.c.i.embedder.EclipseLogger - Copying 2 resources
2019-04-08 15:55:16,727 [Worker-41: Building workspace] INFO  o.e.m.c.i.embedder.EclipseLogger - Using 'utf-8' encoding to copy filtered resources.
2019-04-08 15:55:16,731 [Worker-41: Building workspace] INFO  o.e.m.c.i.embedder.EclipseLogger - skip non existing resourceDirectory C:\Users\amado\Desktop\workspace\pizzeria-console-objet\src\test\resources
2019-04-08 15:57:04,474 [Worker-44: Building workspace] INFO  o.e.m.c.i.embedder.EclipseLogger - Using 'utf-8' encoding to copy filtered resources.
2019-04-08 15:57:04,485 [Worker-44: Building workspace] INFO  o.e.m.c.i.embedder.EclipseLogger - Copying 2 resources
2019-04-08 15:57:04,495 [Worker-44: Building workspace] INFO  o.e.m.c.i.embedder.EclipseLogger - Using 'utf-8' encoding to copy filtered resources.
2019-04-08 15:57:04,501 [Worker-44: Building workspace] INFO  o.e.m.c.i.embedder.EclipseLogger - skip non existing resourceDirectory C:\Users\amado\Desktop\workspace\pizzeria-console-objet\src\test\resources
2019-04-08 16:00:06,329 [Worker-48: Building workspace] INFO  o.e.m.c.i.embedder.EclipseLogger - Using 'utf-8' encoding to copy filtered resources.
2019-04-08 16:00:06,330 [Worker-48: Building workspace] INFO  o.e.m.c.i.embedder.EclipseLogger - Copying 2 resources
2019-04-08 16:00:06,333 [Worker-48: Building workspace] INFO  o.e.m.c.i.embedder.EclipseLogger - Using 'utf-8' encoding to copy filtered resources.
2019-04-08 16:00:06,341 [Worker-48: Building workspace] INFO  o.e.m.c.i.embedder.EclipseLogger - skip non existing resourceDirectory C:\Users\amado\Desktop\workspace\pizzeria-console-objet\src\test\resources
2019-04-08 16:01:46,081 [Worker-47: Building workspace] INFO  o.e.m.c.i.embedder.EclipseLogger - Using 'utf-8' encoding to copy filtered resources.
2019-04-08 16:01:46,093 [Worker-47: Building workspace] INFO  o.e.m.c.i.embedder.EclipseLogger - Copying 2 resources
2019-04-08 16:01:46,100 [Worker-47: Building workspace] INFO  o.e.m.c.i.embedder.EclipseLogger - Using 'utf-8' encoding to copy filtered resources.
2019-04-08 16:01:46,106 [Worker-47: Building workspace] INFO  o.e.m.c.i.embedder.EclipseLogger - skip non existing resourceDirectory C:\Users\amado\Desktop\workspace\pizzeria-console-objet\src\test\resources
2019-04-08 16:12:26,697 [Worker-57: Building workspace] INFO  o.e.m.c.i.embedder.EclipseLogger - Using 'utf-8' encoding to copy filtered resources.
2019-04-08 16:12:26,698 [Worker-57: Building workspace] INFO  o.e.m.c.i.embedder.EclipseLogger - Copying 2 resources
2019-04-08 16:12:26,699 [Worker-57: Building workspace] INFO  o.e.m.c.i.embedder.EclipseLogger - Using 'utf-8' encoding to copy filtered resources.
2019-04-08 16:12:26,703 [Worker-57: Building workspace] INFO  o.e.m.c.i.embedder.EclipseLogger - skip non existing resourceDirectory C:\Users\amado\Desktop\workspace\pizzeria-console-objet\src\test\resources
2019-04-08 16:13:07,615 [Worker-56: Building workspace] INFO  o.e.m.c.i.embedder.EclipseLogger - Using 'utf-8' encoding to copy filtered resources.
2019-04-08 16:13:07,619 [Worker-56: Building workspace] INFO  o.e.m.c.i.embedder.EclipseLogger - Copying 2 resources
2019-04-08 16:13:07,623 [Worker-56: Building workspace] INFO  o.e.m.c.i.embedder.EclipseLogger - Using 'utf-8' encoding to copy filtered resources.
2019-04-08 16:13:07,626 [Worker-56: Building workspace] INFO  o.e.m.c.i.embedder.EclipseLogger - skip non existing resourceDirectory C:\Users\amado\Desktop\workspace\pizzeria-console-objet\src\test\resources
2019-04-08 16:13:41,619 [Worker-56: Building workspace] INFO  o.e.m.c.i.embedder.EclipseLogger - Using 'utf-8' encoding to copy filtered resources.
2019-04-08 16:13:41,620 [Worker-56: Building workspace] INFO  o.e.m.c.i.embedder.EclipseLogger - Copying 2 resources
2019-04-08 16:13:41,621 [Worker-56: Building workspace] INFO  o.e.m.c.i.embedder.EclipseLogger - Using 'utf-8' encoding to copy filtered resources.
2019-04-08 16:13:41,626 [Worker-56: Building workspace] INFO  o.e.m.c.i.embedder.EclipseLogger - skip non existing resourceDirectory C:\Users\amado\Desktop\workspace\pizzeria-console-objet\src\test\resources
2019-04-08 16:16:06,548 [Worker-60: Building workspace] INFO  o.e.m.c.i.embedder.EclipseLogger - Using 'utf-8' encoding to copy filtered resources.
2019-04-08 16:16:06,552 [Worker-60: Building workspace] INFO  o.e.m.c.i.embedder.EclipseLogger - Copying 2 resources
2019-04-08 16:16:06,555 [Worker-60: Building workspace] INFO  o.e.m.c.i.embedder.EclipseLogger - Using 'utf-8' encoding to copy filtered resources.
2019-04-08 16:16:06,559 [Worker-60: Building workspace] INFO  o.e.m.c.i.embedder.EclipseLogger - skip non existing resourceDirectory C:\Users\amado\Desktop\workspace\pizzeria-console-objet\src\test\resources
2019-04-08 16:16:11,230 [Worker-62: Building workspace] INFO  o.e.m.c.i.embedder.EclipseLogger - Using 'utf-8' encoding to copy filtered resources.
2019-04-08 16:16:11,231 [Worker-62: Building workspace] INFO  o.e.m.c.i.embedder.EclipseLogger - Copying 2 resources
2019-04-08 16:16:11,232 [Worker-62: Building workspace] INFO  o.e.m.c.i.embedder.EclipseLogger - Using 'utf-8' encoding to copy filtered resources.
2019-04-08 16:16:11,237 [Worker-62: Building workspace] INFO  o.e.m.c.i.embedder.EclipseLogger - skip non existing resourceDirectory C:\Users\amado\Desktop\workspace\pizzeria-console-objet\src\test\resources
2019-04-08 16:16:36,653 [Worker-60: Building workspace] INFO  o.e.m.c.i.embedder.EclipseLogger - Using 'utf-8' encoding to copy filtered resources.
2019-04-08 16:16:36,657 [Worker-60: Building workspace] INFO  o.e.m.c.i.embedder.EclipseLogger - Copying 2 resources
2019-04-08 16:16:36,661 [Worker-60: Building workspace] INFO  o.e.m.c.i.embedder.EclipseLogger - Using 'utf-8' encoding to copy filtered resources.
2019-04-08 16:16:36,664 [Worker-60: Building workspace] INFO  o.e.m.c.i.embedder.EclipseLogger - skip non existing resourceDirectory C:\Users\amado\Desktop\workspace\pizzeria-console-objet\src\test\resources
2019-04-08 16:16:58,358 [Worker-47: Building workspace] INFO  o.e.m.c.i.embedder.EclipseLogger - Using 'utf-8' encoding to copy filtered resources.
2019-04-08 16:16:58,359 [Worker-47: Building workspace] INFO  o.e.m.c.i.embedder.EclipseLogger - Copying 2 resources
2019-04-08 16:16:58,361 [Worker-47: Building workspace] INFO  o.e.m.c.i.embedder.EclipseLogger - Using 'utf-8' encoding to copy filtered resources.
2019-04-08 16:16:58,366 [Worker-47: Building workspace] INFO  o.e.m.c.i.embedder.EclipseLogger - skip non existing resourceDirectory C:\Users\amado\Desktop\workspace\pizzeria-console-objet\src\test\resources
2019-04-08 16:17:09,596 [Worker-60: Building workspace] INFO  o.e.m.c.i.embedder.EclipseLogger - Using 'utf-8' encoding to copy filtered resources.
2019-04-08 16:17:09,601 [Worker-60: Building workspace] INFO  o.e.m.c.i.embedder.EclipseLogger - Copying 2 resources
2019-04-08 16:17:09,605 [Worker-60: Building workspace] INFO  o.e.m.c.i.embedder.EclipseLogger - Using 'utf-8' encoding to copy filtered resources.
2019-04-08 16:17:09,609 [Worker-60: Building workspace] INFO  o.e.m.c.i.embedder.EclipseLogger - skip non existing resourceDirectory C:\Users\amado\Desktop\workspace\pizzeria-console-objet\src\test\resources
2019-04-08 16:17:31,649 [Worker-61: Building workspace] INFO  o.e.m.c.i.embedder.EclipseLogger - Using 'utf-8' encoding to copy filtered resources.
2019-04-08 16:17:31,649 [Worker-61: Building workspace] INFO  o.e.m.c.i.embedder.EclipseLogger - Copying 2 resources
2019-04-08 16:17:31,650 [Worker-61: Building workspace] INFO  o.e.m.c.i.embedder.EclipseLogger - Using 'utf-8' encoding to copy filtered resources.
2019-04-08 16:17:31,654 [Worker-61: Building workspace] INFO  o.e.m.c.i.embedder.EclipseLogger - skip non existing resourceDirectory C:\Users\amado\Desktop\workspace\pizzeria-console-objet\src\test\resources
2019-04-08 16:21:17,174 [Worker-63: Building workspace] INFO  o.e.m.c.i.embedder.EclipseLogger - Using 'UTF-8' encoding to copy filtered resources.
2019-04-08 16:21:17,184 [Worker-63: Building workspace] INFO  o.e.m.c.i.embedder.EclipseLogger - skip non existing resourceDirectory C:\Users\amado\Desktop\workspace\demo-tests-unitaires\src\main\resources
2019-04-08 16:21:17,194 [Worker-63: Building workspace] INFO  o.e.m.c.i.embedder.EclipseLogger - Using 'UTF-8' encoding to copy filtered resources.
2019-04-08 16:21:17,204 [Worker-63: Building workspace] INFO  o.e.m.c.i.embedder.EclipseLogger - skip non existing resourceDirectory C:\Users\amado\Desktop\workspace\demo-tests-unitaires\src\test\resources
2019-04-08 16:21:17,218 [Worker-63: Building workspace] INFO  o.e.m.c.i.embedder.EclipseLogger - Using 'utf-8' encoding to copy filtered resources.
2019-04-08 16:21:17,219 [Worker-63: Building workspace] INFO  o.e.m.c.i.embedder.EclipseLogger - Copying 0 resource
2019-04-08 16:21:17,220 [Worker-63: Building workspace] INFO  o.e.m.c.i.embedder.EclipseLogger - Using 'utf-8' encoding to copy filtered resources.
2019-04-08 16:21:17,229 [Worker-63: Building workspace] INFO  o.e.m.c.i.embedder.EclipseLogger - skip non existing resourceDirectory C:\Users\amado\Desktop\workspace\pizzeria-console-objet\src\test\resources
2019-04-08 16:21:18,236 [Worker-64: Building workspace] INFO  o.e.m.c.i.embedder.EclipseLogger - Using 'utf-8' encoding to copy filtered resources.
2019-04-08 16:21:18,237 [Worker-64: Building workspace] INFO  o.e.m.c.i.embedder.EclipseLogger - Copying 0 resource
2019-04-08 16:21:18,237 [Worker-64: Building workspace] INFO  o.e.m.c.i.embedder.EclipseLogger - Using 'utf-8' encoding to copy filtered resources.
2019-04-08 16:21:18,237 [Worker-64: Building workspace] INFO  o.e.m.c.i.embedder.EclipseLogger - skip non existing resourceDirectory C:\Users\amado\Desktop\workspace\pizzeria-console-objet\src\test\resources
2019-04-08 16:22:53,128 [Worker-66: Building workspace] INFO  o.e.m.c.i.embedder.EclipseLogger - Using 'utf-8' encoding to copy filtered resources.
2019-04-08 16:22:53,129 [Worker-66: Building workspace] INFO  o.e.m.c.i.embedder.EclipseLogger - Copying 2 resources
2019-04-08 16:22:53,130 [Worker-66: Building workspace] INFO  o.e.m.c.i.embedder.EclipseLogger - Using 'utf-8' encoding to copy filtered resources.
2019-04-08 16:22:53,134 [Worker-66: Building workspace] INFO  o.e.m.c.i.embedder.EclipseLogger - skip non existing resourceDirectory C:\Users\amado\Desktop\workspace\pizzeria-console-objet\src\test\resources
2019-04-08 16:23:20,458 [Worker-63: Building workspace] INFO  o.e.m.c.i.embedder.EclipseLogger - Using 'utf-8' encoding to copy filtered resources.
2019-04-08 16:23:20,462 [Worker-63: Building workspace] INFO  o.e.m.c.i.embedder.EclipseLogger - Copying 2 resources
2019-04-08 16:23:20,466 [Worker-63: Building workspace] INFO  o.e.m.c.i.embedder.EclipseLogger - Using 'utf-8' encoding to copy filtered resources.
2019-04-08 16:23:20,470 [Worker-63: Building workspace] INFO  o.e.m.c.i.embedder.EclipseLogger - skip non existing resourceDirectory C:\Users\amado\Desktop\workspace\pizzeria-console-objet\src\test\resources
2019-04-08 16:31:02,458 [Worker-68: Building workspace] INFO  o.e.m.c.i.embedder.EclipseLogger - Using 'utf-8' encoding to copy filtered resources.
2019-04-08 16:31:02,458 [Worker-68: Building workspace] INFO  o.e.m.c.i.embedder.EclipseLogger - Copying 2 resources
2019-04-08 16:31:02,460 [Worker-68: Building workspace] INFO  o.e.m.c.i.embedder.EclipseLogger - Using 'utf-8' encoding to copy filtered resources.
2019-04-08 16:31:02,464 [Worker-68: Building workspace] INFO  o.e.m.c.i.embedder.EclipseLogger - skip non existing resourceDirectory C:\Users\amado\Desktop\workspace\pizzeria-console-objet\src\test\resources
2019-04-08 16:31:45,270 [Worker-69: Building workspace] INFO  o.e.m.c.i.embedder.EclipseLogger - Using 'utf-8' encoding to copy filtered resources.
2019-04-08 16:31:45,274 [Worker-69: Building workspace] INFO  o.e.m.c.i.embedder.EclipseLogger - Copying 2 resources
2019-04-08 16:31:45,280 [Worker-69: Building workspace] INFO  o.e.m.c.i.embedder.EclipseLogger - Using 'utf-8' encoding to copy filtered resources.
2019-04-08 16:31:45,283 [Worker-69: Building workspace] INFO  o.e.m.c.i.embedder.EclipseLogger - skip non existing resourceDirectory C:\Users\amado\Desktop\workspace\pizzeria-console-objet\src\test\resources
2019-04-08 16:32:17,518 [Worker-68: Building workspace] INFO  o.e.m.c.i.embedder.EclipseLogger - Using 'utf-8' encoding to copy filtered resources.
2019-04-08 16:32:17,519 [Worker-68: Building workspace] INFO  o.e.m.c.i.embedder.EclipseLogger - Copying 2 resources
2019-04-08 16:32:17,520 [Worker-68: Building workspace] INFO  o.e.m.c.i.embedder.EclipseLogger - Using 'utf-8' encoding to copy filtered resources.
2019-04-08 16:32:17,524 [Worker-68: Building workspace] INFO  o.e.m.c.i.embedder.EclipseLogger - skip non existing resourceDirectory C:\Users\amado\Desktop\workspace\pizzeria-console-objet\src\test\resources
2019-04-08 16:35:24,743 [Worker-65: Building workspace] INFO  o.e.m.c.i.embedder.EclipseLogger - Using 'utf-8' encoding to copy filtered resources.
2019-04-08 16:35:24,748 [Worker-65: Building workspace] INFO  o.e.m.c.i.embedder.EclipseLogger - Copying 2 resources
2019-04-08 16:35:24,753 [Worker-65: Building workspace] INFO  o.e.m.c.i.embedder.EclipseLogger - Using 'utf-8' encoding to copy filtered resources.
2019-04-08 16:35:24,757 [Worker-65: Building workspace] INFO  o.e.m.c.i.embedder.EclipseLogger - skip non existing resourceDirectory C:\Users\amado\Desktop\workspace\pizzeria-console-objet\src\test\resources
2019-04-08 16:50:10,716 [Worker-72: Building workspace] INFO  o.e.m.c.i.embedder.EclipseLogger - Using 'utf-8' encoding to copy filtered resources.
2019-04-08 16:50:10,716 [Worker-72: Building workspace] INFO  o.e.m.c.i.embedder.EclipseLogger - Copying 2 resources
2019-04-08 16:50:10,717 [Worker-72: Building workspace] INFO  o.e.m.c.i.embedder.EclipseLogger - Using 'utf-8' encoding to copy filtered resources.
2019-04-08 16:50:10,721 [Worker-72: Building workspace] INFO  o.e.m.c.i.embedder.EclipseLogger - skip non existing resourceDirectory C:\Users\amado\Desktop\workspace\pizzeria-console-objet\src\test\resources
2019-04-08 16:50:58,743 [Worker-74: Building workspace] INFO  o.e.m.c.i.embedder.EclipseLogger - Using 'utf-8' encoding to copy filtered resources.
2019-04-08 16:50:58,747 [Worker-74: Building workspace] INFO  o.e.m.c.i.embedder.EclipseLogger - Copying 2 resources
2019-04-08 16:50:58,751 [Worker-74: Building workspace] INFO  o.e.m.c.i.embedder.EclipseLogger - Using 'utf-8' encoding to copy filtered resources.
2019-04-08 16:50:58,754 [Worker-74: Building workspace] INFO  o.e.m.c.i.embedder.EclipseLogger - skip non existing resourceDirectory C:\Users\amado\Desktop\workspace\pizzeria-console-objet\src\test\resources
2019-04-08 16:51:25,212 [Worker-75: Building workspace] INFO  o.e.m.c.i.embedder.EclipseLogger - Using 'utf-8' encoding to copy filtered resources.
2019-04-08 16:51:25,212 [Worker-75: Building workspace] INFO  o.e.m.c.i.embedder.EclipseLogger - Copying 2 resources
2019-04-08 16:51:25,213 [Worker-75: Building workspace] INFO  o.e.m.c.i.embedder.EclipseLogger - Using 'utf-8' encoding to copy filtered resources.
2019-04-08 16:51:25,217 [Worker-75: Building workspace] INFO  o.e.m.c.i.embedder.EclipseLogger - skip non existing resourceDirectory C:\Users\amado\Desktop\workspace\pizzeria-console-objet\src\test\resources
2019-04-08 16:52:26,913 [Worker-74: Building workspace] INFO  o.e.m.c.i.embedder.EclipseLogger - Using 'utf-8' encoding to copy filtered resources.
2019-04-08 16:52:26,917 [Worker-74: Building workspace] INFO  o.e.m.c.i.embedder.EclipseLogger - Copying 2 resources
2019-04-08 16:52:26,921 [Worker-74: Building workspace] INFO  o.e.m.c.i.embedder.EclipseLogger - Using 'utf-8' encoding to copy filtered resources.
2019-04-08 16:52:26,924 [Worker-74: Building workspace] INFO  o.e.m.c.i.embedder.EclipseLogger - skip non existing resourceDirectory C:\Users\amado\Desktop\workspace\pizzeria-console-objet\src\test\resources
2019-04-08 16:52:41,338 [Worker-73: Building workspace] INFO  o.e.m.c.i.embedder.EclipseLogger - Using 'utf-8' encoding to copy filtered resources.
2019-04-08 16:52:41,340 [Worker-73: Building workspace] INFO  o.e.m.c.i.embedder.EclipseLogger - Copying 2 resources
2019-04-08 16:52:41,341 [Worker-73: Building workspace] INFO  o.e.m.c.i.embedder.EclipseLogger - Using 'utf-8' encoding to copy filtered resources.
2019-04-08 16:52:41,346 [Worker-73: Building workspace] INFO  o.e.m.c.i.embedder.EclipseLogger - skip non existing resourceDirectory C:\Users\amado\Desktop\workspace\pizzeria-console-objet\src\test\resources
2019-04-08 16:53:21,875 [Worker-73: Building workspace] INFO  o.e.m.c.i.embedder.EclipseLogger - Using 'utf-8' encoding to copy filtered resources.
2019-04-08 16:53:21,879 [Worker-73: Building workspace] INFO  o.e.m.c.i.embedder.EclipseLogger - Copying 2 resources
2019-04-08 16:53:21,883 [Worker-73: Building workspace] INFO  o.e.m.c.i.embedder.EclipseLogger - Using 'utf-8' encoding to copy filtered resources.
2019-04-08 16:53:21,886 [Worker-73: Building workspace] INFO  o.e.m.c.i.embedder.EclipseLogger - skip non existing resourceDirectory C:\Users\amado\Desktop\workspace\pizzeria-console-objet\src\test\resources
2019-04-08 16:54:04,808 [Worker-65: Building workspace] INFO  o.e.m.c.i.embedder.EclipseLogger - Using 'utf-8' encoding to copy filtered resources.
2019-04-08 16:54:04,809 [Worker-65: Building workspace] INFO  o.e.m.c.i.embedder.EclipseLogger - Copying 2 resources
2019-04-08 16:54:04,810 [Worker-65: Building workspace] INFO  o.e.m.c.i.embedder.EclipseLogger - Using 'utf-8' encoding to copy filtered resources.
2019-04-08 16:54:04,813 [Worker-65: Building workspace] INFO  o.e.m.c.i.embedder.EclipseLogger - skip non existing resourceDirectory C:\Users\amado\Desktop\workspace\pizzeria-console-objet\src\test\resources
2019-04-08 16:55:17,500 [Worker-74: Building workspace] INFO  o.e.m.c.i.embedder.EclipseLogger - Using 'utf-8' encoding to copy filtered resources.
2019-04-08 16:55:17,504 [Worker-74: Building workspace] INFO  o.e.m.c.i.embedder.EclipseLogger - Copying 2 resources
2019-04-08 16:55:17,508 [Worker-74: Building workspace] INFO  o.e.m.c.i.embedder.EclipseLogger - Using 'utf-8' encoding to copy filtered resources.
2019-04-08 16:55:17,511 [Worker-74: Building workspace] INFO  o.e.m.c.i.embedder.EclipseLogger - skip non existing resourceDirectory C:\Users\amado\Desktop\workspace\pizzeria-console-objet\src\test\resources
2019-04-08 16:56:14,035 [Worker-72: Building workspace] INFO  o.e.m.c.i.embedder.EclipseLogger - Using 'utf-8' encoding to copy filtered resources.
2019-04-08 16:56:14,036 [Worker-72: Building workspace] INFO  o.e.m.c.i.embedder.EclipseLogger - Copying 2 resources
2019-04-08 16:56:14,036 [Worker-72: Building workspace] INFO  o.e.m.c.i.embedder.EclipseLogger - Using 'utf-8' encoding to copy filtered resources.
2019-04-08 16:56:14,040 [Worker-72: Building workspace] INFO  o.e.m.c.i.embedder.EclipseLogger - skip non existing resourceDirectory C:\Users\amado\Desktop\workspace\pizzeria-console-objet\src\test\resources
2019-04-08 16:58:13,836 [Worker-74: Building workspace] INFO  o.e.m.c.i.embedder.EclipseLogger - Using 'utf-8' encoding to copy filtered resources.
2019-04-08 16:58:13,839 [Worker-74: Building workspace] INFO  o.e.m.c.i.embedder.EclipseLogger - Copying 2 resources
2019-04-08 16:58:13,843 [Worker-74: Building workspace] INFO  o.e.m.c.i.embedder.EclipseLogger - Using 'utf-8' encoding to copy filtered resources.
2019-04-08 16:58:13,846 [Worker-74: Building workspace] INFO  o.e.m.c.i.embedder.EclipseLogger - skip non existing resourceDirectory C:\Users\amado\Desktop\workspace\pizzeria-console-objet\src\test\resources
2019-04-08 16:58:40,138 [Worker-72: Launching TestPizzaMemDao] INFO  o.e.m.c.i.embedder.EclipseLogger - Using 'utf-8' encoding to copy filtered resources.
2019-04-08 16:58:40,138 [Worker-72: Launching TestPizzaMemDao] INFO  o.e.m.c.i.embedder.EclipseLogger - Copying 2 resources
2019-04-08 16:58:40,140 [Worker-72: Launching TestPizzaMemDao] INFO  o.e.m.c.i.embedder.EclipseLogger - Using 'utf-8' encoding to copy filtered resources.
2019-04-08 16:58:40,146 [Worker-72: Launching TestPizzaMemDao] INFO  o.e.m.c.i.embedder.EclipseLogger - skip non existing resourceDirectory C:\Users\amado\Desktop\workspace\pizzeria-console-objet\src\test\resources
2019-04-08 17:07:41,151 [Worker-75: Building workspace] INFO  o.e.m.c.i.embedder.EclipseLogger - Using 'utf-8' encoding to copy filtered resources.
2019-04-08 17:07:41,156 [Worker-75: Building workspace] INFO  o.e.m.c.i.embedder.EclipseLogger - Copying 2 resources
2019-04-08 17:07:41,160 [Worker-75: Building workspace] INFO  o.e.m.c.i.embedder.EclipseLogger - Using 'utf-8' encoding to copy filtered resources.
2019-04-08 17:07:41,164 [Worker-75: Building workspace] INFO  o.e.m.c.i.embedder.EclipseLogger - skip non existing resourceDirectory C:\Users\amado\Desktop\workspace\pizzeria-console-objet\src\test\resources
2019-04-08 17:08:25,446 [Worker-78: Building workspace] INFO  o.e.m.c.i.embedder.EclipseLogger - Using 'utf-8' encoding to copy filtered resources.
2019-04-08 17:08:25,447 [Worker-78: Building workspace] INFO  o.e.m.c.i.embedder.EclipseLogger - Copying 2 resources
2019-04-08 17:08:25,447 [Worker-78: Building workspace] INFO  o.e.m.c.i.embedder.EclipseLogger - Using 'utf-8' encoding to copy filtered resources.
2019-04-08 17:08:25,450 [Worker-78: Building workspace] INFO  o.e.m.c.i.embedder.EclipseLogger - skip non existing resourceDirectory C:\Users\amado\Desktop\workspace\pizzeria-console-objet\src\test\resources
2019-04-08 17:09:06,901 [Worker-73: Building workspace] INFO  o.e.m.c.i.embedder.EclipseLogger - Using 'utf-8' encoding to copy filtered resources.
2019-04-08 17:09:06,904 [Worker-73: Building workspace] INFO  o.e.m.c.i.embedder.EclipseLogger - Copying 2 resources
2019-04-08 17:09:06,909 [Worker-73: Building workspace] INFO  o.e.m.c.i.embedder.EclipseLogger - Using 'utf-8' encoding to copy filtered resources.
2019-04-08 17:09:06,913 [Worker-73: Building workspace] INFO  o.e.m.c.i.embedder.EclipseLogger - skip non existing resourceDirectory C:\Users\amado\Desktop\workspace\pizzeria-console-objet\src\test\resources
2019-04-08 17:11:20,771 [Worker-77: Building workspace] INFO  o.e.m.c.i.embedder.EclipseLogger - Using 'utf-8' encoding to copy filtered resources.
2019-04-08 17:11:20,772 [Worker-77: Building workspace] INFO  o.e.m.c.i.embedder.EclipseLogger - Copying 2 resources
2019-04-08 17:11:20,773 [Worker-77: Building workspace] INFO  o.e.m.c.i.embedder.EclipseLogger - Using 'utf-8' encoding to copy filtered resources.
2019-04-08 17:11:20,776 [Worker-77: Building workspace] INFO  o.e.m.c.i.embedder.EclipseLogger - skip non existing resourceDirectory C:\Users\amado\Desktop\workspace\pizzeria-console-objet\src\test\resources
2019-04-08 17:12:39,872 [Worker-77: Building workspace] INFO  o.e.m.c.i.embedder.EclipseLogger - Using 'utf-8' encoding to copy filtered resources.
2019-04-08 17:12:39,878 [Worker-77: Building workspace] INFO  o.e.m.c.i.embedder.EclipseLogger - Copying 2 resources
2019-04-08 17:12:39,885 [Worker-77: Building workspace] INFO  o.e.m.c.i.embedder.EclipseLogger - Using 'utf-8' encoding to copy filtered resources.
2019-04-08 17:12:39,890 [Worker-77: Building workspace] INFO  o.e.m.c.i.embedder.EclipseLogger - skip non existing resourceDirectory C:\Users\amado\Desktop\workspace\pizzeria-console-objet\src\test\resources
2019-04-08 17:12:46,170 [Worker-75: Building workspace] INFO  o.e.m.c.i.embedder.EclipseLogger - Using 'utf-8' encoding to copy filtered resources.
2019-04-08 17:12:46,171 [Worker-75: Building workspace] INFO  o.e.m.c.i.embedder.EclipseLogger - Copying 2 resources
2019-04-08 17:12:46,172 [Worker-75: Building workspace] INFO  o.e.m.c.i.embedder.EclipseLogger - Using 'utf-8' encoding to copy filtered resources.
2019-04-08 17:12:46,175 [Worker-75: Building workspace] INFO  o.e.m.c.i.embedder.EclipseLogger - skip non existing resourceDirectory C:\Users\amado\Desktop\workspace\pizzeria-console-objet\src\test\resources
2019-04-08 17:13:03,527 [Worker-77: Building workspace] INFO  o.e.m.c.i.embedder.EclipseLogger - Using 'utf-8' encoding to copy filtered resources.
2019-04-08 17:13:03,531 [Worker-77: Building workspace] INFO  o.e.m.c.i.embedder.EclipseLogger - Copying 2 resources
2019-04-08 17:13:03,535 [Worker-77: Building workspace] INFO  o.e.m.c.i.embedder.EclipseLogger - Using 'utf-8' encoding to copy filtered resources.
2019-04-08 17:13:03,538 [Worker-77: Building workspace] INFO  o.e.m.c.i.embedder.EclipseLogger - skip non existing resourceDirectory C:\Users\amado\Desktop\workspace\pizzeria-console-objet\src\test\resources
2019-04-08 17:13:12,429 [Worker-79: Building workspace] INFO  o.e.m.c.i.embedder.EclipseLogger - Using 'utf-8' encoding to copy filtered resources.
2019-04-08 17:13:12,430 [Worker-79: Building workspace] INFO  o.e.m.c.i.embedder.EclipseLogger - Copying 2 resources
2019-04-08 17:13:12,431 [Worker-79: Building workspace] INFO  o.e.m.c.i.embedder.EclipseLogger - Using 'utf-8' encoding to copy filtered resources.
2019-04-08 17:13:12,434 [Worker-79: Building workspace] INFO  o.e.m.c.i.embedder.EclipseLogger - skip non existing resourceDirectory C:\Users\amado\Desktop\workspace\pizzeria-console-objet\src\test\resources
2019-04-08 17:13:50,330 [Worker-76: Building workspace] INFO  o.e.m.c.i.embedder.EclipseLogger - Using 'utf-8' encoding to copy filtered resources.
2019-04-08 17:13:50,335 [Worker-76: Building workspace] INFO  o.e.m.c.i.embedder.EclipseLogger - Copying 2 resources
2019-04-08 17:13:50,340 [Worker-76: Building workspace] INFO  o.e.m.c.i.embedder.EclipseLogger - Using 'utf-8' encoding to copy filtered resources.
2019-04-08 17:13:50,344 [Worker-76: Building workspace] INFO  o.e.m.c.i.embedder.EclipseLogger - skip non existing resourceDirectory C:\Users\amado\Desktop\workspace\pizzeria-console-objet\src\test\resources
2019-04-08 17:26:29,487 [Worker-80: Building workspace] INFO  o.e.m.c.i.embedder.EclipseLogger - Using 'utf-8' encoding to copy filtered resources.
2019-04-08 17:26:29,488 [Worker-80: Building workspace] INFO  o.e.m.c.i.embedder.EclipseLogger - Copying 2 resources
2019-04-08 17:26:29,489 [Worker-80: Building workspace] INFO  o.e.m.c.i.embedder.EclipseLogger - Using 'utf-8' encoding to copy filtered resources.
2019-04-08 17:26:29,495 [Worker-80: Building workspace] INFO  o.e.m.c.i.embedder.EclipseLogger - skip non existing resourceDirectory C:\Users\amado\Desktop\workspace\pizzeria-console-objet\src\test\resources
2019-04-08 17:35:59,736 [Worker-75: Building workspace] INFO  o.e.m.c.i.embedder.EclipseLogger - Using 'utf-8' encoding to copy filtered resources.
2019-04-08 17:35:59,742 [Worker-75: Building workspace] INFO  o.e.m.c.i.embedder.EclipseLogger - Copying 2 resources
2019-04-08 17:35:59,748 [Worker-75: Building workspace] INFO  o.e.m.c.i.embedder.EclipseLogger - Using 'utf-8' encoding to copy filtered resources.
2019-04-08 17:35:59,752 [Worker-75: Building workspace] INFO  o.e.m.c.i.embedder.EclipseLogger - skip non existing resourceDirectory C:\Users\amado\Desktop\workspace\pizzeria-console-objet\src\test\resources
2019-04-08 17:37:08,746 [Worker-87: Building workspace] INFO  o.e.m.c.i.embedder.EclipseLogger - Using 'utf-8' encoding to copy filtered resources.
2019-04-08 17:37:08,747 [Worker-87: Building workspace] INFO  o.e.m.c.i.embedder.EclipseLogger - Copying 2 resources
2019-04-08 17:37:08,747 [Worker-87: Building workspace] INFO  o.e.m.c.i.embedder.EclipseLogger - Using 'utf-8' encoding to copy filtered resources.
2019-04-08 17:37:08,751 [Worker-87: Building workspace] INFO  o.e.m.c.i.embedder.EclipseLogger - skip non existing resourceDirectory C:\Users\amado\Desktop\workspace\pizzeria-console-objet\src\test\resources
2019-04-08 17:37:23,624 [Worker-84: Building workspace] INFO  o.e.m.c.i.embedder.EclipseLogger - Using 'utf-8' encoding to copy filtered resources.
2019-04-08 17:37:23,628 [Worker-84: Building workspace] INFO  o.e.m.c.i.embedder.EclipseLogger - Copying 2 resources
2019-04-08 17:37:23,632 [Worker-84: Building workspace] INFO  o.e.m.c.i.embedder.EclipseLogger - Using 'utf-8' encoding to copy filtered resources.
2019-04-08 17:37:23,635 [Worker-84: Building workspace] INFO  o.e.m.c.i.embedder.EclipseLogger - skip non existing resourceDirectory C:\Users\amado\Desktop\workspace\pizzeria-console-objet\src\test\resources
2019-04-08 17:40:49,298 [Worker-87: Building workspace] INFO  o.e.m.c.i.embedder.EclipseLogger - Using 'utf-8' encoding to copy filtered resources.
2019-04-08 17:40:49,299 [Worker-87: Building workspace] INFO  o.e.m.c.i.embedder.EclipseLogger - Copying 2 resources
2019-04-08 17:40:49,300 [Worker-87: Building workspace] INFO  o.e.m.c.i.embedder.EclipseLogger - Using 'utf-8' encoding to copy filtered resources.
2019-04-08 17:40:49,304 [Worker-87: Building workspace] INFO  o.e.m.c.i.embedder.EclipseLogger - skip non existing resourceDirectory C:\Users\amado\Desktop\workspace\pizzeria-console-objet\src\test\resources
2019-04-08 17:42:40,616 [Worker-84: Building workspace] INFO  o.e.m.c.i.embedder.EclipseLogger - Using 'utf-8' encoding to copy filtered resources.
2019-04-08 17:42:40,620 [Worker-84: Building workspace] INFO  o.e.m.c.i.embedder.EclipseLogger - Copying 2 resources
2019-04-08 17:42:40,624 [Worker-84: Building workspace] INFO  o.e.m.c.i.embedder.EclipseLogger - Using 'utf-8' encoding to copy filtered resources.
2019-04-08 17:42:40,627 [Worker-84: Building workspace] INFO  o.e.m.c.i.embedder.EclipseLogger - skip non existing resourceDirectory C:\Users\amado\Desktop\workspace\pizzeria-console-objet\src\test\resources
2019-04-08 17:43:44,506 [Worker-82: Building workspace] INFO  o.e.m.c.i.embedder.EclipseLogger - Using 'utf-8' encoding to copy filtered resources.
2019-04-08 17:43:44,507 [Worker-82: Building workspace] INFO  o.e.m.c.i.embedder.EclipseLogger - Copying 2 resources
2019-04-08 17:43:44,508 [Worker-82: Building workspace] INFO  o.e.m.c.i.embedder.EclipseLogger - Using 'utf-8' encoding to copy filtered resources.
2019-04-08 17:43:44,512 [Worker-82: Building workspace] INFO  o.e.m.c.i.embedder.EclipseLogger - skip non existing resourceDirectory C:\Users\amado\Desktop\workspace\pizzeria-console-objet\src\test\resources
2019-04-08 17:46:18,111 [Worker-87: Building workspace] INFO  o.e.m.c.i.embedder.EclipseLogger - Using 'utf-8' encoding to copy filtered resources.
2019-04-08 17:46:18,119 [Worker-87: Building workspace] INFO  o.e.m.c.i.embedder.EclipseLogger - Copying 2 resources
2019-04-08 17:46:18,124 [Worker-87: Building workspace] INFO  o.e.m.c.i.embedder.EclipseLogger - Using 'utf-8' encoding to copy filtered resources.
2019-04-08 17:46:18,127 [Worker-87: Building workspace] INFO  o.e.m.c.i.embedder.EclipseLogger - skip non existing resourceDirectory C:\Users\amado\Desktop\workspace\pizzeria-console-objet\src\test\resources
2019-04-08 17:51:05,140 [Worker-75: Building workspace] INFO  o.e.m.c.i.embedder.EclipseLogger - Using 'utf-8' encoding to copy filtered resources.
2019-04-08 17:51:05,140 [Worker-75: Building workspace] INFO  o.e.m.c.i.embedder.EclipseLogger - Copying 2 resources
2019-04-08 17:51:05,141 [Worker-75: Building workspace] INFO  o.e.m.c.i.embedder.EclipseLogger - Using 'utf-8' encoding to copy filtered resources.
2019-04-08 17:51:05,144 [Worker-75: Building workspace] INFO  o.e.m.c.i.embedder.EclipseLogger - skip non existing resourceDirectory C:\Users\amado\Desktop\workspace\pizzeria-console-objet\src\test\resources
2019-04-08 17:54:11,513 [Worker-86: Building workspace] INFO  o.e.m.c.i.embedder.EclipseLogger - Using 'utf-8' encoding to copy filtered resources.
2019-04-08 17:54:11,525 [Worker-86: Building workspace] INFO  o.e.m.c.i.embedder.EclipseLogger - Copying 2 resources
2019-04-08 17:54:11,533 [Worker-86: Building workspace] INFO  o.e.m.c.i.embedder.EclipseLogger - Using 'utf-8' encoding to copy filtered resources.
2019-04-08 17:54:11,535 [Worker-86: Building workspace] INFO  o.e.m.c.i.embedder.EclipseLogger - skip non existing resourceDirectory C:\Users\amado\Desktop\workspace\pizzeria-console-objet\src\test\resources
